d:\training\traininggame\traininggame\cocos2d\cocos\2d\release.win32\libcocos2d.pch
d:\training\traininggame\traininggame\cocos2d\cocos\2d\release.win32\precheader.obj
d:\training\traininggame\traininggame\cocos2d\cocos\2d\release.win32\cccontrol.obj
d:\training\traininggame\traininggame\cocos2d\cocos\2d\release.win32\cccontrolswitch.obj
d:\training\traininggame\traininggame\cocos2d\cocos\2d\release.win32\ccscrollview.obj
d:\training\traininggame\traininggame\cocos2d\cocos\2d\release.win32\ccpubasecollider.obj
d:\training\traininggame\traininggame\cocos2d\cocos\2d\release.win32\ccpubehaviourmanager.obj
d:\training\traininggame\traininggame\cocos2d\cocos\2d\release.win32\ccpucollisionavoidanceaffector.obj
d:\training\traininggame\traininggame\cocos2d\cocos\2d\release.win32\ccpudoenablecomponenteventhandlertranslator.obj
d:\training\traininggame\traininggame\cocos2d\cocos\2d\release.win32\ccpudynamicattribute.obj
d:\training\traininggame\traininggame\cocos2d\cocos\2d\release.win32\ccpuemittertranslator.obj
d:\training\traininggame\traininggame\cocos2d\cocos\2d\release.win32\ccpugravityaffector.obj
d:\training\traininggame\traininggame\cocos2d\cocos\2d\release.win32\ccpulineaffectortranslator.obj
d:\training\traininggame\traininggame\cocos2d\cocos\2d\release.win32\ccpunoise.obj
d:\training\traininggame\traininggame\cocos2d\cocos\2d\release.win32\ccpuobservertranslator.obj
d:\training\traininggame\traininggame\cocos2d\cocos\2d\release.win32\ccpuonemissionobservertranslator.obj
d:\training\traininggame\traininggame\cocos2d\cocos\2d\release.win32\ccpuonrandomobservertranslator.obj
d:\training\traininggame\traininggame\cocos2d\cocos\2d\release.win32\ccpupathfollower.obj
d:\training\traininggame\traininggame\cocos2d\cocos\2d\release.win32\ccpupositionemittertranslator.obj
d:\training\traininggame\traininggame\cocos2d\cocos\2d\release.win32\ccpuscalevelocityaffector.obj
d:\training\traininggame\traininggame\cocos2d\cocos\2d\release.win32\ccpusineforceaffector.obj
d:\training\traininggame\traininggame\cocos2d\cocos\2d\release.win32\ccpusphere.obj
d:\training\traininggame\traininggame\cocos2d\cocos\2d\release.win32\ccpuspheresurfaceemittertranslator.obj
d:\training\traininggame\traininggame\cocos2d\cocos\2d\release.win32\ccputranslatemanager.obj
d:\training\traininggame\traininggame\cocos2d\cocos\2d\release.win32\idl_parser.obj
d:\training\traininggame\traininggame\cocos2d\cocos\2d\release.win32\audioengine.obj
d:\training\traininggame\traininggame\cocos2d\cocos\2d\release.win32\ccdatavisitor.obj
d:\training\traininggame\traininggame\cocos2d\cocos\2d\release.win32\cceventacceleration.obj
d:\training\traininggame\traininggame\cocos2d\cocos\2d\release.win32\cceventkeyboard.obj
d:\training\traininggame\traininggame\cocos2d\cocos\2d\release.win32\cceventlistenercontroller.obj
d:\training\traininggame\traininggame\cocos2d\cocos\2d\release.win32\cceventlistenerkeyboard.obj
d:\training\traininggame\traininggame\cocos2d\cocos\2d\release.win32\cceventlistenertouch.obj
d:\training\traininggame\traininggame\cocos2d\cocos\2d\release.win32\ccns.obj
d:\training\traininggame\traininggame\cocos2d\cocos\2d\release.win32\ccscheduler.obj
d:\training\traininggame\traininggame\cocos2d\cocos\2d\release.win32\objectfactory.obj
d:\training\traininggame\traininggame\cocos2d\cocos\2d\release.win32\ccset.obj
d:\training\traininggame\traininggame\cocos2d\cocos\2d\release.win32\ccbsequenceproperty.obj
d:\training\traininggame\traininggame\cocos2d\cocos\2d\release.win32\cclabelbmfontloader.obj
d:\training\traininggame\traininggame\cocos2d\cocos\2d\release.win32\cclayerloader.obj
d:\training\traininggame\traininggame\cocos2d\cocos\2d\release.win32\ccparticlesystemquadloader.obj
d:\training\traininggame\traininggame\cocos2d\cocos\2d\release.win32\ccbonenode.obj
d:\training\traininggame\traininggame\cocos2d\cocos\2d\release.win32\ccactionobject.obj
d:\training\traininggame\traininggame\cocos2d\cocos\2d\release.win32\ccarmaturedefine.obj
d:\training\traininggame\traininggame\cocos2d\cocos\2d\release.win32\ccbatchnode.obj
d:\training\traininggame\traininggame\cocos2d\cocos\2d\release.win32\ccdatas.obj
d:\training\traininggame\traininggame\cocos2d\cocos\2d\release.win32\cccomextensiondata.obj
d:\training\traininggame\traininggame\cocos2d\cocos\2d\release.win32\ccspriteframecachehelper.obj
d:\training\traininggame\traininggame\cocos2d\cocos\2d\release.win32\cctween.obj
d:\training\traininggame\traininggame\cocos2d\cocos\2d\release.win32\triggerobj.obj
d:\training\traininggame\traininggame\cocos2d\cocos\2d\release.win32\layoutreader.obj
d:\training\traininggame\traininggame\cocos2d\cocos\2d\release.win32\scrollviewreader.obj
d:\training\traininggame\traininggame\cocos2d\cocos\2d\release.win32\node3dreader.obj
d:\training\traininggame\traininggame\cocos2d\cocos\2d\release.win32\ccaffinetransform.obj
d:\training\traininggame\traininggame\cocos2d\cocos\2d\release.win32\ccvertex.obj
d:\training\traininggame\traininggame\cocos2d\cocos\2d\release.win32\quaternion.obj
d:\training\traininggame\traininggame\cocos2d\cocos\2d\release.win32\vec2.obj
d:\training\traininggame\traininggame\cocos2d\cocos\2d\release.win32\ccnavmeshdebugdraw.obj
d:\training\traininggame\traininggame\cocos2d\cocos\2d\release.win32\uri.obj
d:\training\traininggame\traininggame\cocos2d\cocos\2d\release.win32\ccphysicssprite3d.obj
d:\training\traininggame\traininggame\cocos2d\cocos\2d\release.win32\ccsaxparser.obj
d:\training\traininggame\traininggame\cocos2d\cocos\2d\release.win32\cccustomcommand.obj
d:\training\traininggame\traininggame\cocos2d\cocos\2d\release.win32\ccglprogramcache.obj
d:\training\traininggame\traininggame\cocos2d\cocos\2d\release.win32\ccmeshcommand.obj
d:\training\traininggame\traininggame\cocos2d\cocos\2d\release.win32\ccprimitivecommand.obj
d:\training\traininggame\traininggame\cocos2d\cocos\2d\release.win32\ccrenderer.obj
d:\training\traininggame\traininggame\cocos2d\cocos\2d\release.win32\ccvertexattribbinding.obj
d:\training\traininggame\traininggame\cocos2d\cocos\2d\release.win32\cocosgui.obj
d:\training\traininggame\traininggame\cocos2d\cocos\2d\release.win32\uieditboximpl-win32.obj
d:\training\traininggame\traininggame\cocos2d\cocos\2d\release.win32\uilistview.obj
d:\training\traininggame\traininggame\cocos2d\cocos\2d\release.win32\uiscrollviewbar.obj
d:\training\traininggame\traininggame\cocos2d\cocos\2d\release.win32\uivbox.obj
d:\training\traininggame\traininggame\cocos2d\cocos\2d\release.win32\ccaction.obj
d:\training\traininggame\traininggame\cocos2d\cocos\2d\release.win32\ccactiongrid3d.obj
d:\training\traininggame\traininggame\cocos2d\cocos\2d\release.win32\ccactionmanager.obj
d:\training\traininggame\traininggame\cocos2d\cocos\2d\release.win32\ccanimationcache.obj
d:\training\traininggame\traininggame\cocos2d\cocos\2d\release.win32\cccomponent.obj
d:\training\traininggame\traininggame\cocos2d\cocos\2d\release.win32\ccfasttmxtiledmap.obj
d:\training\traininggame\traininggame\cocos2d\cocos\2d\release.win32\ccglbufferednode.obj
d:\training\traininggame\traininggame\cocos2d\cocos\2d\release.win32\ccgrabber.obj
d:\training\traininggame\traininggame\cocos2d\cocos\2d\release.win32\cclabel.obj
d:\training\traininggame\traininggame\cocos2d\cocos\2d\release.win32\ccparticleexamples.obj
d:\training\traininggame\traininggame\cocos2d\cocos\2d\release.win32\ccrendertexture.obj
d:\training\traininggame\traininggame\cocos2d\cocos\2d\release.win32\cctextfieldttf.obj
d:\training\traininggame\traininggame\cocos2d\cocos\2d\release.win32\cctmxtiledmap.obj
d:\training\traininggame\traininggame\cocos2d\cocos\2d\release.win32\cceventlistenerassetsmanagerex.obj
d:\training\traininggame\traininggame\cocos2d\cocos\2d\release.win32\ccparticle3demitter.obj
d:\training\traininggame\traininggame\cocos2d\cocos\2d\release.win32\ccpuaffector.obj
d:\training\traininggame\traininggame\cocos2d\cocos\2d\release.win32\ccpubaseforceaffectortranslator.obj
d:\training\traininggame\traininggame\cocos2d\cocos\2d\release.win32\ccpuboxemittertranslator.obj
d:\training\traininggame\traininggame\cocos2d\cocos\2d\release.win32\ccpudoaffectoreventhandler.obj
d:\training\traininggame\traininggame\cocos2d\cocos\2d\release.win32\ccpudofreezeeventhandler.obj
d:\training\traininggame\traininggame\cocos2d\cocos\2d\release.win32\ccpudostopsystemeventhandler.obj
d:\training\traininggame\traininggame\cocos2d\cocos\2d\release.win32\ccpueventhandler.obj
d:\training\traininggame\traininggame\cocos2d\cocos\2d\release.win32\ccpuflockcenteringaffectortranslator.obj
d:\training\traininggame\traininggame\cocos2d\cocos\2d\release.win32\ccpujetaffector.obj
d:\training\traininggame\traininggame\cocos2d\cocos\2d\release.win32\ccpulinearforceaffector.obj
d:\training\traininggame\traininggame\cocos2d\cocos\2d\release.win32\ccpumeshsurfaceemittertranslator.obj
d:\training\traininggame\traininggame\cocos2d\cocos\2d\release.win32\ccpuoncollisionobservertranslator.obj
d:\training\traininggame\traininggame\cocos2d\cocos\2d\release.win32\ccpuonexpireobservertranslator.obj
d:\training\traininggame\traininggame\cocos2d\cocos\2d\release.win32\ccpuontimeobservertranslator.obj
d:\training\traininggame\traininggame\cocos2d\cocos\2d\release.win32\ccpuplanecollidertranslator.obj
d:\training\traininggame\traininggame\cocos2d\cocos\2d\release.win32\ccpurenderertranslator.obj
d:\training\traininggame\traininggame\cocos2d\cocos\2d\release.win32\ccpuslaveemitter.obj
d:\training\traininggame\traininggame\cocos2d\cocos\2d\release.win32\ccpuspheresurfaceemitter.obj
d:\training\traininggame\traininggame\cocos2d\cocos\2d\release.win32\ccputexturerotatortranslator.obj
d:\training\traininggame\traininggame\cocos2d\cocos\2d\release.win32\ccphysicsdebugnode.obj
d:\training\traininggame\traininggame\cocos2d\cocos\2d\release.win32\convertutf.obj
d:\training\traininggame\traininggame\cocos2d\cocos\2d\release.win32\edtaa3func.obj
d:\training\traininggame\traininggame\cocos2d\cocos\2d\release.win32\idl_gen_text.obj
d:\training\traininggame\traininggame\cocos2d\cocos\2d\release.win32\ioapi.obj
d:\training\traininggame\traininggame\cocos2d\cocos\2d\release.win32\xxhash.obj
d:\training\traininggame\traininggame\cocos2d\cocos\2d\release.win32\ccbundle3d.obj
d:\training\traininggame\traininggame\cocos2d\cocos\2d\release.win32\audioplayer.obj
d:\training\traininggame\traininggame\cocos2d\cocos\2d\release.win32\ccautoreleasepool.obj
d:\training\traininggame\traininggame\cocos2d\cocos\2d\release.win32\ccdata.obj
d:\training\traininggame\traininggame\cocos2d\cocos\2d\release.win32\ccdirector.obj
d:\training\traininggame\traininggame\cocos2d\cocos\2d\release.win32\ccninepatchimageparser.obj
d:\training\traininggame\traininggame\cocos2d\cocos\2d\release.win32\ccrandom.obj
d:\training\traininggame\traininggame\cocos2d\cocos\2d\release.win32\ccscriptsupport.obj
d:\training\traininggame\traininggame\cocos2d\cocos\2d\release.win32\ccutf8.obj
d:\training\traininggame\traininggame\cocos2d\cocos\2d\release.win32\s3tc.obj
d:\training\traininggame\traininggame\cocos2d\cocos\2d\release.win32\ccdictionary.obj
d:\training\traininggame\traininggame\cocos2d\cocos\2d\release.win32\cccontrolloader.obj
d:\training\traininggame\traininggame\cocos2d\cocos\2d\release.win32\cclayergradientloader.obj
d:\training\traininggame\traininggame\cocos2d\cocos\2d\release.win32\ccscale9spriteloader.obj
d:\training\traininggame\traininggame\cocos2d\cocos\2d\release.win32\ccactiontimelinenode.obj
d:\training\traininggame\traininggame\cocos2d\cocos\2d\release.win32\ccactionmanagerex.obj
d:\training\traininggame\traininggame\cocos2d\cocos\2d\release.win32\ccarmaturedatamanager.obj
d:\training\traininggame\traininggame\cocos2d\cocos\2d\release.win32\cccomcontroller.obj
d:\training\traininggame\traininggame\cocos2d\cocos\2d\release.win32\ccdisplaymanager.obj
d:\training\traininggame\traininggame\cocos2d\cocos\2d\release.win32\ccskin.obj
d:\training\traininggame\traininggame\cocos2d\cocos\2d\release.win32\dictionaryhelper.obj
d:\training\traininggame\traininggame\cocos2d\cocos\2d\release.win32\localizationmanager.obj
d:\training\traininggame\traininggame\cocos2d\cocos\2d\release.win32\widgetcallbackhandlerprotocol.obj
d:\training\traininggame\traininggame\cocos2d\cocos\2d\release.win32\armaturenodereader.obj
d:\training\traininggame\traininggame\cocos2d\cocos\2d\release.win32\comaudioreader.obj
d:\training\traininggame\traininggame\cocos2d\cocos\2d\release.win32\imageviewreader.obj
d:\training\traininggame\traininggame\cocos2d\cocos\2d\release.win32\nodereader.obj
d:\training\traininggame\traininggame\cocos2d\cocos\2d\release.win32\sliderreader.obj
d:\training\traininggame\traininggame\cocos2d\cocos\2d\release.win32\sprite3dreader.obj
d:\training\traininggame\traininggame\cocos2d\cocos\2d\release.win32\mat4.obj
d:\training\traininggame\traininggame\cocos2d\cocos\2d\release.win32\vec4.obj
d:\training\traininggame\traininggame\cocos2d\cocos\2d\release.win32\ccnavmeshagent.obj
d:\training\traininggame\traininggame\cocos2d\cocos\2d\release.win32\ccdownloader-curl.obj
d:\training\traininggame\traininggame\cocos2d\cocos\2d\release.win32\ccphysics3dcomponent.obj
d:\training\traininggame\traininggame\cocos2d\cocos\2d\release.win32\ccphysicsbody.obj
d:\training\traininggame\traininggame\cocos2d\cocos\2d\release.win32\ccfileutils.obj
d:\training\traininggame\traininggame\cocos2d\cocos\2d\release.win32\uiloadingbar.obj
d:\training\traininggame\traininggame\cocos2d\cocos\2d\release.win32\uiscale9sprite.obj
d:\training\traininggame\traininggame\cocos2d\cocos\2d\release.win32\uitabcontrol.obj
d:\training\traininggame\traininggame\cocos2d\cocos\2d\release.win32\ccactiongrid.obj
d:\training\traininggame\traininggame\cocos2d\cocos\2d\release.win32\ccactioninterval.obj
d:\training\traininggame\traininggame\cocos2d\cocos\2d\release.win32\cccamera.obj
d:\training\traininggame\traininggame\cocos2d\cocos\2d\release.win32\ccclippingrectanglenode.obj
d:\training\traininggame\traininggame\cocos2d\cocos\2d\release.win32\ccdrawnode.obj
d:\training\traininggame\traininggame\cocos2d\cocos\2d\release.win32\ccfontfnt.obj
d:\training\traininggame\traininggame\cocos2d\cocos\2d\release.win32\ccnode.obj
d:\training\traininggame\traininggame\cocos2d\cocos\2d\release.win32\cctransitionpageturn.obj
d:\training\traininggame\traininggame\cocos2d\cocos\2d\release.win32\manifest.obj
d:\training\traininggame\traininggame\cocos2d\cocos\2d\release.win32\ccpuaffectortranslator.obj
d:\training\traininggame\traininggame\cocos2d\cocos\2d\release.win32\ccpubillboardchain.obj
d:\training\traininggame\traininggame\cocos2d\cocos\2d\release.win32\ccpucollisionavoidanceaffectortranslator.obj
d:\training\traininggame\traininggame\cocos2d\cocos\2d\release.win32\ccpudoexpireeventhandler.obj
d:\training\traininggame\traininggame\cocos2d\cocos\2d\release.win32\ccpudoscaleeventhandler.obj
d:\training\traininggame\traininggame\cocos2d\cocos\2d\release.win32\ccpudynamicattributetranslator.obj
d:\training\traininggame\traininggame\cocos2d\cocos\2d\release.win32\ccpuforcefieldaffector.obj
d:\training\traininggame\traininggame\cocos2d\cocos\2d\release.win32\ccpuinterparticlecollidertranslator.obj
d:\training\traininggame\traininggame\cocos2d\cocos\2d\release.win32\ccpulineemittertranslator.obj
d:\training\traininggame\traininggame\cocos2d\cocos\2d\release.win32\ccpuonclearobserver.obj
d:\training\traininggame\traininggame\cocos2d\cocos\2d\release.win32\ccpuoncountobservertranslator.obj
d:\training\traininggame\traininggame\cocos2d\cocos\2d\release.win32\ccpuonpositionobservertranslator.obj
d:\training\traininggame\traininggame\cocos2d\cocos\2d\release.win32\ccpuparticlefollower.obj
d:\training\traininggame\traininggame\cocos2d\cocos\2d\release.win32\ccpupathfollowertranslator.obj
d:\training\traininggame\traininggame\cocos2d\cocos\2d\release.win32\ccpurandomisertranslator.obj
d:\training\traininggame\traininggame\cocos2d\cocos\2d\release.win32\ccpuscaleaffectortranslator.obj
d:\training\traininggame\traininggame\cocos2d\cocos\2d\release.win32\ccpusineforceaffectortranslator.obj
d:\training\traininggame\traininggame\cocos2d\cocos\2d\release.win32\ccputechniquetranslator.obj
d:\training\traininggame\traininggame\cocos2d\cocos\2d\release.win32\ccpuvelocitymatchingaffectortranslator.obj
d:\training\traininggame\traininggame\cocos2d\cocos\2d\release.win32\idl_gen_general.obj
d:\training\traininggame\traininggame\cocos2d\cocos\2d\release.win32\ccmesh.obj
d:\training\traininggame\traininggame\cocos2d\cocos\2d\release.win32\ccsprite3dmaterial.obj
d:\training\traininggame\traininggame\cocos2d\cocos\2d\release.win32\audiodecodermanager.obj
d:\training\traininggame\traininggame\cocos2d\cocos\2d\release.win32\mciplayer.obj
d:\training\traininggame\traininggame\cocos2d\cocos\2d\release.win32\atitc.obj
d:\training\traininggame\traininggame\cocos2d\cocos\2d\release.win32\ccasynctaskpool.obj
d:\training\traininggame\traininggame\cocos2d\cocos\2d\release.win32\ccevent.obj
d:\training\traininggame\traininggame\cocos2d\cocos\2d\release.win32\cceventcontroller.obj
d:\training\traininggame\traininggame\cocos2d\cocos\2d\release.win32\cceventdispatcher.obj
d:\training\traininggame\traininggame\cocos2d\cocos\2d\release.win32\etc1.obj
d:\training\traininggame\traininggame\cocos2d\cocos\2d\release.win32\tgalib.obj
d:\training\traininggame\traininggame\cocos2d\cocos\2d\release.win32\ccstring.obj
d:\training\traininggame\traininggame\cocos2d\cocos\2d\release.win32\ccbreader.obj
d:\training\traininggame\traininggame\cocos2d\cocos\2d\release.win32\ccnodeloader.obj
d:\training\traininggame\traininggame\cocos2d\cocos\2d\release.win32\ccactiontimelinecache.obj
d:\training\traininggame\traininggame\cocos2d\cocos\2d\release.win32\ccbone.obj
d:\training\traininggame\traininggame\cocos2d\cocos\2d\release.win32\ccdatareaderhelper.obj
d:\training\traininggame\traininggame\cocos2d\cocos\2d\release.win32\cctransformhelp.obj
d:\training\traininggame\traininggame\cocos2d\cocos\2d\release.win32\cocostudio.obj
d:\training\traininggame\traininggame\cocos2d\cocos\2d\release.win32\checkboxreader.obj
d:\training\traininggame\traininggame\cocos2d\cocos\2d\release.win32\light3dreader.obj
d:\training\traininggame\traininggame\cocos2d\cocos\2d\release.win32\particlereader.obj
d:\training\traininggame\traininggame\cocos2d\cocos\2d\release.win32\bonenodereader.obj
d:\training\traininggame\traininggame\cocos2d\cocos\2d\release.win32\tabcontrolreader.obj
d:\training\traininggame\traininggame\cocos2d\cocos\2d\release.win32\widgetreader.obj
d:\training\traininggame\traininggame\cocos2d\cocos\2d\release.win32\ccphysics3ddebugdrawer.obj
d:\training\traininggame\traininggame\cocos2d\cocos\2d\release.win32\ccimage.obj
d:\training\traininggame\traininggame\cocos2d\cocos\2d\release.win32\ccglprogramstatecache.obj
d:\training\traininggame\traininggame\cocos2d\cocos\2d\release.win32\ccgroupcommand.obj
d:\training\traininggame\traininggame\cocos2d\cocos\2d\release.win32\cctextureatlas.obj
d:\training\traininggame\traininggame\cocos2d\cocos\2d\release.win32\ccvertexindexbuffer.obj
d:\training\traininggame\traininggame\cocos2d\cocos\2d\release.win32\uicheckbox.obj
d:\training\traininggame\traininggame\cocos2d\cocos\2d\release.win32\uihbox.obj
d:\training\traininggame\traininggame\cocos2d\cocos\2d\release.win32\uilayoutcomponent.obj
d:\training\traininggame\traininggame\cocos2d\cocos\2d\release.win32\uipageviewindicator.obj
d:\training\traininggame\traininggame\cocos2d\cocos\2d\release.win32\uitext.obj
d:\training\traininggame\traininggame\cocos2d\cocos\2d\release.win32\uiwebview.obj
d:\training\traininggame\traininggame\cocos2d\cocos\2d\release.win32\ccvrdistortion.obj
d:\training\traininggame\traininggame\cocos2d\cocos\2d\release.win32\ccvrgenericrenderer.obj
d:\training\traininggame\traininggame\cocos2d\cocos\2d\release.win32\ccactioninstant.obj
d:\training\traininggame\traininggame\cocos2d\cocos\2d\release.win32\ccactionpageturn3d.obj
d:\training\traininggame\traininggame\cocos2d\cocos\2d\release.win32\ccactiontween.obj
d:\training\traininggame\traininggame\cocos2d\cocos\2d\release.win32\ccanimation.obj
d:\training\traininggame\traininggame\cocos2d\cocos\2d\release.win32\ccautopolygon.obj
d:\training\traininggame\traininggame\cocos2d\cocos\2d\release.win32\ccfontatlas.obj
d:\training\traininggame\traininggame\cocos2d\cocos\2d\release.win32\cclabelbmfont.obj
d:\training\traininggame\traininggame\cocos2d\cocos\2d\release.win32\cclight.obj
d:\training\traininggame\traininggame\cocos2d\cocos\2d\release.win32\ccmotionstreak.obj
d:\training\traininggame\traininggame\cocos2d\cocos\2d\release.win32\ccparallaxnode.obj
d:\training\traininggame\traininggame\cocos2d\cocos\2d\release.win32\ccparticlesystem.obj
d:\training\traininggame\traininggame\cocos2d\cocos\2d\release.win32\ccspriteframecache.obj
d:\training\traininggame\traininggame\cocos2d\cocos\2d\release.win32\cceventassetsmanagerex.obj
d:\training\traininggame\traininggame\cocos2d\cocos\2d\release.win32\ccinvocation.obj
d:\training\traininggame\traininggame\cocos2d\cocos\2d\release.win32\ccparticlesystem3d.obj
d:\training\traininggame\traininggame\cocos2d\cocos\2d\release.win32\ccpubasecollidertranslator.obj
d:\training\traininggame\traininggame\cocos2d\cocos\2d\release.win32\ccpuboxemitter.obj
d:\training\traininggame\traininggame\cocos2d\cocos\2d\release.win32\ccpucoloraffectortranslator.obj
d:\training\traininggame\traininggame\cocos2d\cocos\2d\release.win32\ccpudofreezeeventhandlertranslator.obj
d:\training\traininggame\traininggame\cocos2d\cocos\2d\release.win32\ccpuemittermanager.obj
d:\training\traininggame\traininggame\cocos2d\cocos\2d\release.win32\ccpugeometryrotator.obj
d:\training\traininggame\traininggame\cocos2d\cocos\2d\release.win32\ccpujetaffectortranslator.obj
d:\training\traininggame\traininggame\cocos2d\cocos\2d\release.win32\ccpumaterialtranslator.obj
d:\training\traininggame\traininggame\cocos2d\cocos\2d\release.win32\ccpuonclearobservertranslator.obj
d:\training\traininggame\traininggame\cocos2d\cocos\2d\release.win32\ccpuonexpireobserver.obj
d:\training\traininggame\traininggame\cocos2d\cocos\2d\release.win32\ccpuonrandomobserver.obj
d:\training\traininggame\traininggame\cocos2d\cocos\2d\release.win32\ccpuonvelocityobserver.obj
d:\training\traininggame\traininggame\cocos2d\cocos\2d\release.win32\ccpuplane.obj
d:\training\traininggame\traininggame\cocos2d\cocos\2d\release.win32\ccpuplanecollider.obj
d:\training\traininggame\traininggame\cocos2d\cocos\2d\release.win32\ccpurandomiser.obj
d:\training\traininggame\traininggame\cocos2d\cocos\2d\release.win32\ccpuribbontrailrender.obj
d:\training\traininggame\traininggame\cocos2d\cocos\2d\release.win32\ccpuscriptcompiler.obj
d:\training\traininggame\traininggame\cocos2d\cocos\2d\release.win32\ccpuspherecollider.obj
d:\training\traininggame\traininggame\cocos2d\cocos\2d\release.win32\ccputexturerotator.obj
d:\training\traininggame\traininggame\cocos2d\cocos\2d\release.win32\ccpuvelocitymatchingaffector.obj
d:\training\traininggame\traininggame\cocos2d\cocos\2d\release.win32\clipper.obj
d:\training\traininggame\traininggame\cocos2d\cocos\2d\release.win32\advancing_front.obj
d:\training\traininggame\traininggame\cocos2d\cocos\2d\release.win32\cdt.obj
d:\training\traininggame\traininggame\cocos2d\cocos\2d\release.win32\ioapi_mem.obj
d:\training\traininggame\traininggame\cocos2d\cocos\2d\release.win32\ccanimate3d.obj
d:\training\traininggame\traininggame\cocos2d\cocos\2d\release.win32\audiocache.obj
d:\training\traininggame\traininggame\cocos2d\cocos\2d\release.win32\audiodecoderogg.obj
d:\training\traininggame\traininggame\cocos2d\cocos\2d\release.win32\ccallocatorglobal.obj
d:\training\traininggame\traininggame\cocos2d\cocos\2d\release.win32\ccallocatorglobalnewdelete.obj
d:\training\traininggame\traininggame\cocos2d\cocos\2d\release.win32\assetsmanager.obj
d:\training\traininggame\traininggame\cocos2d\cocos\2d\release.win32\cccontrolslider.obj
d:\training\traininggame\traininggame\cocos2d\cocos\2d\release.win32\cccontrolutils.obj
d:\training\traininggame\traininggame\cocos2d\cocos\2d\release.win32\cctableviewcell.obj
d:\training\traininggame\traininggame\cocos2d\cocos\2d\release.win32\ccparticle3drender.obj
d:\training\traininggame\traininggame\cocos2d\cocos\2d\release.win32\ccpubaseforceaffector.obj
d:\training\traininggame\traininggame\cocos2d\cocos\2d\release.win32\ccpubehaviourtranslator.obj
d:\training\traininggame\traininggame\cocos2d\cocos\2d\release.win32\ccpucoloraffector.obj
d:\training\traininggame\traininggame\cocos2d\cocos\2d\release.win32\ccpudoexpireeventhandlertranslator.obj
d:\training\traininggame\traininggame\cocos2d\cocos\2d\release.win32\ccpudostopsystemeventhandlertranslator.obj
d:\training\traininggame\traininggame\cocos2d\cocos\2d\release.win32\ccpuflockcenteringaffector.obj
d:\training\traininggame\traininggame\cocos2d\cocos\2d\release.win32\ccpugeometryrotatortranslator.obj
d:\training\traininggame\traininggame\cocos2d\cocos\2d\release.win32\ccpulineemitter.obj
d:\training\traininggame\traininggame\cocos2d\cocos\2d\release.win32\ccpumeshsurfaceemitter.obj
d:\training\traininggame\traininggame\cocos2d\cocos\2d\release.win32\ccpuoncollisionobserver.obj
d:\training\traininggame\traininggame\cocos2d\cocos\2d\release.win32\ccpuoneventflagobservertranslator.obj
d:\training\traininggame\traininggame\cocos2d\cocos\2d\release.win32\ccpuontimeobserver.obj
d:\training\traininggame\traininggame\cocos2d\cocos\2d\release.win32\ccpuparticlesystem3d.obj
d:\training\traininggame\traininggame\cocos2d\cocos\2d\release.win32\ccpuscalevelocityaffectortranslator.obj
d:\training\traininggame\traininggame\cocos2d\cocos\2d\release.win32\ccpuslavebehaviour.obj
d:\training\traininggame\traininggame\cocos2d\cocos\2d\release.win32\ccpuspherecollidertranslator.obj
d:\training\traininggame\traininggame\cocos2d\cocos\2d\release.win32\ccpuutil.obj
d:\training\traininggame\traininggame\cocos2d\cocos\2d\release.win32\ccpuvertexemitter.obj
d:\training\traininggame\traininggame\cocos2d\cocos\2d\release.win32\convertutfwrapper.obj
d:\training\traininggame\traininggame\cocos2d\cocos\2d\release.win32\idl_gen_fbs.obj
d:\training\traininggame\traininggame\cocos2d\cocos\2d\release.win32\sweep.obj
d:\training\traininggame\traininggame\cocos2d\cocos\2d\release.win32\unzip.obj
d:\training\traininggame\traininggame\cocos2d\cocos\2d\release.win32\ccbundlereader.obj
d:\training\traininggame\traininggame\cocos2d\cocos\2d\release.win32\ccmotionstreak3d.obj
d:\training\traininggame\traininggame\cocos2d\cocos\2d\release.win32\ccskeleton3d.obj
d:\training\traininggame\traininggame\cocos2d\cocos\2d\release.win32\ccterrain.obj
d:\training\traininggame\traininggame\cocos2d\cocos\2d\release.win32\ccallocatordiagnostics.obj
d:\training\traininggame\traininggame\cocos2d\cocos\2d\release.win32\base64.obj
d:\training\traininggame\traininggame\cocos2d\cocos\2d\release.win32\ccconfiguration.obj
d:\training\traininggame\traininggame\cocos2d\cocos\2d\release.win32\cceventfocus.obj
d:\training\traininggame\traininggame\cocos2d\cocos\2d\release.win32\cceventlistener.obj
d:\training\traininggame\traininggame\cocos2d\cocos\2d\release.win32\cceventlistenermouse.obj
d:\training\traininggame\traininggame\cocos2d\cocos\2d\release.win32\ccstencilstatemanager.obj
d:\training\traininggame\traininggame\cocos2d\cocos\2d\release.win32\ccref.obj
d:\training\traininggame\traininggame\cocos2d\cocos\2d\release.win32\cctouch.obj
d:\training\traininggame\traininggame\cocos2d\cocos\2d\release.win32\ccuserdefault.obj
d:\training\traininggame\traininggame\cocos2d\cocos\2d\release.win32\pvr.obj
d:\training\traininggame\traininggame\cocos2d\cocos\2d\release.win32\ziputils.obj
d:\training\traininggame\traininggame\cocos2d\cocos\2d\release.win32\cccontrolbuttonloader.obj
d:\training\traininggame\traininggame\cocos2d\cocos\2d\release.win32\ccmenuitemimageloader.obj
d:\training\traininggame\traininggame\cocos2d\cocos\2d\release.win32\ccspriteloader.obj
d:\training\traininggame\traininggame\cocos2d\cocos\2d\release.win32\ccskinnode.obj
d:\training\traininggame\traininggame\cocos2d\cocos\2d\release.win32\cctimeline.obj
d:\training\traininggame\traininggame\cocos2d\cocos\2d\release.win32\ccactionnode.obj
d:\training\traininggame\traininggame\cocos2d\cocos\2d\release.win32\cccolliderdetector.obj
d:\training\traininggame\traininggame\cocos2d\cocos\2d\release.win32\cccomattribute.obj
d:\training\traininggame\traininggame\cocos2d\cocos\2d\release.win32\ccdecorativedisplay.obj
d:\training\traininggame\traininggame\cocos2d\cocos\2d\release.win32\ccinputdelegate.obj
d:\training\traininggame\traininggame\cocos2d\cocos\2d\release.win32\ccprocessbase.obj
d:\training\traininggame\traininggame\cocos2d\cocos\2d\release.win32\ccsscenereader.obj
d:\training\traininggame\traininggame\cocos2d\cocos\2d\release.win32\buttonreader.obj
d:\training\traininggame\traininggame\cocos2d\cocos\2d\release.win32\gamemapreader.obj
d:\training\traininggame\traininggame\cocos2d\cocos\2d\release.win32\loadingbarreader.obj
d:\training\traininggame\traininggame\cocos2d\cocos\2d\release.win32\singlenodereader.obj
d:\training\traininggame\traininggame\cocos2d\cocos\2d\release.win32\textbmfontreader.obj
d:\training\traininggame\traininggame\cocos2d\cocos\2d\release.win32\usercamerareader.obj
d:\training\traininggame\traininggame\cocos2d\cocos\2d\release.win32\ccnavmeshutils.obj
d:\training\traininggame\traininggame\cocos2d\cocos\2d\release.win32\httpclient.obj
d:\training\traininggame\traininggame\cocos2d\cocos\2d\release.win32\ccphysics3dconstraint.obj
d:\training\traininggame\traininggame\cocos2d\cocos\2d\release.win32\ccphysicscontact.obj
d:\training\traininggame\traininggame\cocos2d\cocos\2d\release.win32\ccphysicsworld.obj
d:\training\traininggame\traininggame\cocos2d\cocos\2d\release.win32\ccstdc-win32.obj
d:\training\traininggame\traininggame\cocos2d\cocos\2d\release.win32\ccbatchcommand.obj
d:\training\traininggame\traininggame\cocos2d\cocos\2d\release.win32\ccglprogram.obj
d:\training\traininggame\traininggame\cocos2d\cocos\2d\release.win32\ccpass.obj
d:\training\traininggame\traininggame\cocos2d\cocos\2d\release.win32\ccrenderstate.obj
d:\training\traininggame\traininggame\cocos2d\cocos\2d\release.win32\cctexturecube.obj
d:\training\traininggame\traininggame\cocos2d\cocos\2d\release.win32\localstorage.obj
d:\training\traininggame\traininggame\cocos2d\cocos\2d\release.win32\uieditboximpl-common.obj
d:\training\traininggame\traininggame\cocos2d\cocos\2d\release.win32\uiimageview.obj
d:\training\traininggame\traininggame\cocos2d\cocos\2d\release.win32\uilayoutparameter.obj
d:\training\traininggame\traininggame\cocos2d\cocos\2d\release.win32\uirelativebox.obj
d:\training\traininggame\traininggame\cocos2d\cocos\2d\release.win32\uitextatlas.obj
d:\training\traininggame\traininggame\cocos2d\cocos\2d\release.win32\uiwidget.obj
d:\training\traininggame\traininggame\cocos2d\cocos\2d\release.win32\cccomponentcontainer.obj
d:\training\traininggame\traininggame\cocos2d\cocos\2d\release.win32\ccfontatlascache.obj
d:\training\traininggame\traininggame\cocos2d\cocos\2d\release.win32\cclabelatlas.obj
d:\training\traininggame\traininggame\cocos2d\cocos\2d\release.win32\ccmenuitem.obj
d:\training\traininggame\traininggame\cocos2d\cocos\2d\release.win32\ccnodegrid.obj
d:\training\traininggame\traininggame\cocos2d\cocos\2d\release.win32\ccparticlesystemquad.obj
d:\training\traininggame\traininggame\cocos2d\cocos\2d\release.win32\ccscene.obj
d:\training\traininggame\traininggame\cocos2d\cocos\2d\release.win32\cctransitionprogress.obj
d:\training\traininggame\traininggame\cocos2d\cocos\2d\release.win32\assetsmanagerex.obj
d:\training\traininggame\traininggame\cocos2d\cocos\2d\release.win32\ccpualignaffectortranslator.obj
d:\training\traininggame\traininggame\cocos2d\cocos\2d\release.win32\ccpuboxcollider.obj
d:\training\traininggame\traininggame\cocos2d\cocos\2d\release.win32\ccpucircleemittertranslator.obj
d:\training\traininggame\traininggame\cocos2d\cocos\2d\release.win32\ccpudoplacementparticleeventhandler.obj
d:\training\traininggame\traininggame\cocos2d\cocos\2d\release.win32\ccpuemitter.obj
d:\training\traininggame\traininggame\cocos2d\cocos\2d\release.win32\ccpuforcefield.obj
d:\training\traininggame\traininggame\cocos2d\cocos\2d\release.win32\ccpuforcefieldaffectortranslator.obj
d:\training\traininggame\traininggame\cocos2d\cocos\2d\release.win32\ccpulineaffector.obj
d:\training\traininggame\traininggame\cocos2d\cocos\2d\release.win32\ccpumaterialmanager.obj
d:\training\traininggame\traininggame\cocos2d\cocos\2d\release.win32\ccpuonemissionobserver.obj
d:\training\traininggame\traininggame\cocos2d\cocos\2d\release.win32\ccpuonquotaobserver.obj
d:\training\traininggame\traininggame\cocos2d\cocos\2d\release.win32\ccpuparticlefollowertranslator.obj
d:\training\traininggame\traininggame\cocos2d\cocos\2d\release.win32\ccpupointemittertranslator.obj
d:\training\traininggame\traininggame\cocos2d\cocos\2d\release.win32\ccpuscaleaffector.obj
d:\training\traininggame\traininggame\cocos2d\cocos\2d\release.win32\ccpuscriptparser.obj
d:\training\traininggame\traininggame\cocos2d\cocos\2d\release.win32\ccpuslaveemittertranslator.obj
d:\training\traininggame\traininggame\cocos2d\cocos\2d\release.win32\ccputextureanimatortranslator.obj
d:\training\traininggame\traininggame\cocos2d\cocos\2d\release.win32\ccphysicssprite.obj
d:\training\traininggame\traininggame\cocos2d\cocos\2d\release.win32\idl_gen_go.obj
d:\training\traininggame\traininggame\cocos2d\cocos\2d\release.win32\tinyxml2.obj
d:\training\traininggame\traininggame\cocos2d\cocos\2d\release.win32\ccbillboard.obj
d:\training\traininggame\traininggame\cocos2d\cocos\2d\release.win32\ccmeshvertexindexdata.obj
d:\training\traininggame\traininggame\cocos2d\cocos\2d\release.win32\ccobb.obj
d:\training\traininggame\traininggame\cocos2d\cocos\2d\release.win32\ccray.obj
d:\training\traininggame\traininggame\cocos2d\cocos\2d\release.win32\ccsprite3d.obj
d:\training\traininggame\traininggame\cocos2d\cocos\2d\release.win32\cccarray.obj
d:\training\traininggame\traininggame\cocos2d\cocos\2d\release.win32\cccontroller.obj
d:\training\traininggame\traininggame\cocos2d\cocos\2d\release.win32\cceventcustom.obj
d:\training\traininggame\traininggame\cocos2d\cocos\2d\release.win32\cceventlisteneracceleration.obj
d:\training\traininggame\traininggame\cocos2d\cocos\2d\release.win32\cceventlistenercustom.obj
d:\training\traininggame\traininggame\cocos2d\cocos\2d\release.win32\cceventlistenerfocus.obj
d:\training\traininggame\traininggame\cocos2d\cocos\2d\release.win32\cceventmouse.obj
d:\training\traininggame\traininggame\cocos2d\cocos\2d\release.win32\ccfpsimages.obj
d:\training\traininggame\traininggame\cocos2d\cocos\2d\release.win32\ccprofiling.obj
d:\training\traininggame\traininggame\cocos2d\cocos\2d\release.win32\cctypes.obj
d:\training\traininggame\traininggame\cocos2d\cocos\2d\release.win32\ccutils.obj
d:\training\traininggame\traininggame\cocos2d\cocos\2d\release.win32\ccarray.obj
d:\training\traininggame\traininggame\cocos2d\cocos\2d\release.win32\ccbfileloader.obj
d:\training\traininggame\traininggame\cocos2d\cocos\2d\release.win32\cclayercolorloader.obj
d:\training\traininggame\traininggame\cocos2d\cocos\2d\release.win32\ccnodeloaderlibrary.obj
d:\training\traininggame\traininggame\cocos2d\cocos\2d\release.win32\ccframe.obj
d:\training\traininggame\traininggame\cocos2d\cocos\2d\release.win32\csloader.obj
d:\training\traininggame\traininggame\cocos2d\cocos\2d\release.win32\ccutilmath.obj
d:\training\traininggame\traininggame\cocos2d\cocos\2d\release.win32\cocoloader.obj
d:\training\traininggame\traininggame\cocos2d\cocos\2d\release.win32\flatbuffersserialize.obj
d:\training\traininggame\traininggame\cocos2d\cocos\2d\release.win32\nodereaderdefine.obj
d:\training\traininggame\traininggame\cocos2d\cocos\2d\release.win32\pageviewreader.obj
d:\training\traininggame\traininggame\cocos2d\cocos\2d\release.win32\textatlasreader.obj
d:\training\traininggame\traininggame\cocos2d\cocos\2d\release.win32\particle3dreader.obj
d:\training\traininggame\traininggame\cocos2d\cocos\2d\release.win32\socketio.obj
d:\training\traininggame\traininggame\cocos2d\cocos\2d\release.win32\ccphysics3dworld.obj
d:\training\traininggame\traininggame\cocos2d\cocos\2d\release.win32\ccthread.obj
d:\training\traininggame\traininggame\cocos2d\cocos\2d\release.win32\ccapplication-win32.obj
d:\training\traininggame\traininggame\cocos2d\cocos\2d\release.win32\ccfileutils-win32.obj
d:\training\traininggame\traininggame\cocos2d\cocos\2d\release.win32\cctexturecache.obj
d:\training\traininggame\traininggame\cocos2d\cocos\2d\release.win32\uiradiobutton.obj
d:\training\traininggame\traininggame\cocos2d\cocos\2d\release.win32\uihelper.obj
d:\training\traininggame\traininggame\cocos2d\cocos\2d\release.win32\uipageview.obj
d:\training\traininggame\traininggame\cocos2d\cocos\2d\release.win32\uislider.obj
d:\training\traininggame\traininggame\cocos2d\cocos\2d\release.win32\uitextbmfont.obj
d:\training\traininggame\traininggame\cocos2d\cocos\2d\release.win32\ccvrdistortionmesh.obj
d:\training\traininggame\traininggame\cocos2d\cocos\2d\release.win32\ccactioncatmullrom.obj
d:\training\traininggame\traininggame\cocos2d\cocos\2d\release.win32\ccactiontiledgrid.obj
d:\training\traininggame\traininggame\cocos2d\cocos\2d\release.win32\ccatlasnode.obj
d:\training\traininggame\traininggame\cocos2d\cocos\2d\release.win32\cccamerabackgroundbrush.obj
d:\training\traininggame\traininggame\cocos2d\cocos\2d\release.win32\ccdrawingprimitives.obj
d:\training\traininggame\traininggame\cocos2d\cocos\2d\release.win32\ccfontcharmap.obj
d:\training\traininggame\traininggame\cocos2d\cocos\2d\release.win32\ccgrid.obj
d:\training\traininggame\traininggame\cocos2d\cocos\2d\release.win32\cclayer.obj
d:\training\traininggame\traininggame\cocos2d\cocos\2d\release.win32\ccspritebatchnode.obj
d:\training\traininggame\traininggame\cocos2d\cocos\2d\release.win32\cctmxobjectgroup.obj
d:\training\traininggame\traininggame\cocos2d\cocos\2d\release.win32\cctmxxmlparser.obj
d:\training\traininggame\traininggame\cocos2d\cocos\2d\release.win32\cccontrolbutton.obj
d:\training\traininggame\traininggame\cocos2d\cocos\2d\release.win32\cctableview.obj
d:\training\traininggame\traininggame\cocos2d\cocos\2d\release.win32\ccpuaffectormanager.obj
d:\training\traininggame\traininggame\cocos2d\cocos\2d\release.win32\ccpubehaviour.obj
d:\training\traininggame\traininggame\cocos2d\cocos\2d\release.win32\ccpuboxcollidertranslator.obj
d:\training\traininggame\traininggame\cocos2d\cocos\2d\release.win32\ccpudoaffectoreventhandlertranslator.obj
d:\training\traininggame\traininggame\cocos2d\cocos\2d\release.win32\ccpudoscaleeventhandlertranslator.obj
d:\training\traininggame\traininggame\cocos2d\cocos\2d\release.win32\ccpueventhandlertranslator.obj
d:\training\traininggame\traininggame\cocos2d\cocos\2d\release.win32\ccpuinterparticlecollider.obj
d:\training\traininggame\traininggame\cocos2d\cocos\2d\release.win32\ccpulinearforceaffectortranslator.obj
d:\training\traininggame\traininggame\cocos2d\cocos\2d\release.win32\ccpuobserver.obj
d:\training\traininggame\traininggame\cocos2d\cocos\2d\release.win32\ccpuoncountobserver.obj
d:\training\traininggame\traininggame\cocos2d\cocos\2d\release.win32\ccpuonpositionobserver.obj
d:\training\traininggame\traininggame\cocos2d\cocos\2d\release.win32\ccpuonvelocityobservertranslator.obj
d:\training\traininggame\traininggame\cocos2d\cocos\2d\release.win32\ccpupointemitter.obj
d:\training\traininggame\traininggame\cocos2d\cocos\2d\release.win32\ccpurender.obj
d:\training\traininggame\traininggame\cocos2d\cocos\2d\release.win32\ccpuscriptlexer.obj
d:\training\traininggame\traininggame\cocos2d\cocos\2d\release.win32\ccpusimplespline.obj
d:\training\traininggame\traininggame\cocos2d\cocos\2d\release.win32\ccpuslavebehaviourtranslator.obj
d:\training\traininggame\traininggame\cocos2d\cocos\2d\release.win32\ccputextureanimator.obj
d:\training\traininggame\traininggame\cocos2d\cocos\2d\release.win32\ccpuvortexaffectortranslator.obj
d:\training\traininggame\traininggame\cocos2d\cocos\2d\release.win32\md5.obj
d:\training\traininggame\traininggame\cocos2d\cocos\2d\release.win32\shapes.obj
d:\training\traininggame\traininggame\cocos2d\cocos\2d\release.win32\sweep_context.obj
d:\training\traininggame\traininggame\cocos2d\cocos\2d\release.win32\ccaabb.obj
d:\training\traininggame\traininggame\cocos2d\cocos\2d\release.win32\ccanimation3d.obj
d:\training\traininggame\traininggame\cocos2d\cocos\2d\release.win32\ccplane.obj
d:\training\traininggame\traininggame\cocos2d\cocos\2d\release.win32\ccskybox.obj
d:\training\traininggame\traininggame\cocos2d\cocos\2d\release.win32\audiodecoder.obj
d:\training\traininggame\traininggame\cocos2d\cocos\2d\release.win32\audiodecodermp3.obj
d:\training\traininggame\traininggame\cocos2d\cocos\2d\release.win32\audioengine-win32.obj
d:\training\traininggame\traininggame\cocos2d\cocos\2d\release.win32\cceventtouch.obj
d:\training\traininggame\traininggame\cocos2d\cocos\2d\release.win32\ccimedispatcher.obj
d:\training\traininggame\traininggame\cocos2d\cocos\2d\release.win32\ccproperties.obj
d:\training\traininggame\traininggame\cocos2d\cocos\2d\release.win32\ccvalue.obj
d:\training\traininggame\traininggame\cocos2d\cocos\2d\release.win32\ccdeprecated.obj
d:\training\traininggame\traininggame\cocos2d\cocos\2d\release.win32\ccbanimationmanager.obj
d:\training\traininggame\traininggame\cocos2d\cocos\2d\release.win32\ccmenuitemloader.obj
d:\training\traininggame\traininggame\cocos2d\cocos\2d\release.win32\ccactiontimeline.obj
d:\training\traininggame\traininggame\cocos2d\cocos\2d\release.win32\ccskeletonnode.obj
d:\training\traininggame\traininggame\cocos2d\cocos\2d\release.win32\ccarmature.obj
d:\training\traininggame\traininggame\cocos2d\cocos\2d\release.win32\cccomrender.obj
d:\training\traininggame\traininggame\cocos2d\cocos\2d\release.win32\triggermng.obj
d:\training\traininggame\traininggame\cocos2d\cocos\2d\release.win32\listviewreader.obj
d:\training\traininggame\traininggame\cocos2d\cocos\2d\release.win32\skeletonnodereader.obj
d:\training\traininggame\traininggame\cocos2d\cocos\2d\release.win32\textfieldreader.obj
d:\training\traininggame\traininggame\cocos2d\cocos\2d\release.win32\ccgeometry.obj
d:\training\traininggame\traininggame\cocos2d\cocos\2d\release.win32\mathutil.obj
d:\training\traininggame\traininggame\cocos2d\cocos\2d\release.win32\transformutils.obj
d:\training\traininggame\traininggame\cocos2d\cocos\2d\release.win32\vec3.obj
d:\training\traininggame\traininggame\cocos2d\cocos\2d\release.win32\ccnavmeshobstacle.obj
d:\training\traininggame\traininggame\cocos2d\cocos\2d\release.win32\websocket.obj
d:\training\traininggame\traininggame\cocos2d\cocos\2d\release.win32\ccphysics3dobject.obj
d:\training\traininggame\traininggame\cocos2d\cocos\2d\release.win32\ccphysicsjoint.obj
d:\training\traininggame\traininggame\cocos2d\cocos\2d\release.win32\cccommon-win32.obj
d:\training\traininggame\traininggame\cocos2d\cocos\2d\release.win32\ccdevice-win32.obj
d:\training\traininggame\traininggame\cocos2d\cocos\2d\release.win32\ccutils-win32.obj
d:\training\traininggame\traininggame\cocos2d\cocos\2d\release.win32\ccframebuffer.obj
d:\training\traininggame\traininggame\cocos2d\cocos\2d\release.win32\ccglstatecache.obj
d:\training\traininggame\traininggame\cocos2d\cocos\2d\release.win32\ccmaterial.obj
d:\training\traininggame\traininggame\cocos2d\cocos\2d\release.win32\ccprimitive.obj
d:\training\traininggame\traininggame\cocos2d\cocos\2d\release.win32\ccrendercommand.obj
d:\training\traininggame\traininggame\cocos2d\cocos\2d\release.win32\cctechnique.obj
d:\training\traininggame\traininggame\cocos2d\cocos\2d\release.win32\cctrianglescommand.obj
d:\training\traininggame\traininggame\cocos2d\cocos\2d\release.win32\ccvertexindexdata.obj
d:\training\traininggame\traininggame\cocos2d\cocos\2d\release.win32\uibutton.obj
d:\training\traininggame\traininggame\cocos2d\cocos\2d\release.win32\uideprecated.obj
d:\training\traininggame\traininggame\cocos2d\cocos\2d\release.win32\uilayout.obj
d:\training\traininggame\traininggame\cocos2d\cocos\2d\release.win32\uiscrollview.obj
d:\training\traininggame\traininggame\cocos2d\cocos\2d\release.win32\uitextfield.obj
d:\training\traininggame\traininggame\cocos2d\cocos\2d\release.win32\ccvrgenericheadtracker.obj
d:\training\traininggame\traininggame\cocos2d\cocos\2d\release.win32\ccactioncamera.obj
d:\training\traininggame\traininggame\cocos2d\cocos\2d\release.win32\ccactionease.obj
d:\training\traininggame\traininggame\cocos2d\cocos\2d\release.win32\ccactionprogresstimer.obj
d:\training\traininggame\traininggame\cocos2d\cocos\2d\release.win32\ccclippingnode.obj
d:\training\traininggame\traininggame\cocos2d\cocos\2d\release.win32\ccfasttmxlayer.obj
d:\training\traininggame\traininggame\cocos2d\cocos\2d\release.win32\cclabeltextformatter.obj
d:\training\traininggame\traininggame\cocos2d\cocos\2d\release.win32\ccparticlebatchnode.obj
d:\training\traininggame\traininggame\cocos2d\cocos\2d\release.win32\ccprotectednode.obj
d:\training\traininggame\traininggame\cocos2d\cocos\2d\release.win32\ccsprite.obj
d:\training\traininggame\traininggame\cocos2d\cocos\2d\release.win32\cctilemapatlas.obj
d:\training\traininggame\traininggame\cocos2d\cocos\2d\release.win32\cctweenfunction.obj
d:\training\traininggame\traininggame\cocos2d\cocos\2d\release.win32\cccontrolcolourpicker.obj
d:\training\traininggame\traininggame\cocos2d\cocos\2d\release.win32\cccontrolhuepicker.obj
d:\training\traininggame\traininggame\cocos2d\cocos\2d\release.win32\cccontrolpotentiometer.obj
d:\training\traininggame\traininggame\cocos2d\cocos\2d\release.win32\cccontrolsaturationbrightnesspicker.obj
d:\training\traininggame\traininggame\cocos2d\cocos\2d\release.win32\cccontrolstepper.obj
d:\training\traininggame\traininggame\cocos2d\cocos\2d\release.win32\ccparticle3daffector.obj
d:\training\traininggame\traininggame\cocos2d\cocos\2d\release.win32\ccpualignaffector.obj
d:\training\traininggame\traininggame\cocos2d\cocos\2d\release.win32\ccpubeamrender.obj
d:\training\traininggame\traininggame\cocos2d\cocos\2d\release.win32\ccpucircleemitter.obj
d:\training\traininggame\traininggame\cocos2d\cocos\2d\release.win32\ccpudoenablecomponenteventhandler.obj
d:\training\traininggame\traininggame\cocos2d\cocos\2d\release.win32\ccpudoplacementparticleeventhandlertranslator.obj
d:\training\traininggame\traininggame\cocos2d\cocos\2d\release.win32\ccpueventhandlermanager.obj
d:\training\traininggame\traininggame\cocos2d\cocos\2d\release.win32\ccpugravityaffectortranslator.obj
d:\training\traininggame\traininggame\cocos2d\cocos\2d\release.win32\ccpulistener.obj
d:\training\traininggame\traininggame\cocos2d\cocos\2d\release.win32\ccpuobservermanager.obj
d:\training\traininggame\traininggame\cocos2d\cocos\2d\release.win32\ccpuoneventflagobserver.obj
d:\training\traininggame\traininggame\cocos2d\cocos\2d\release.win32\ccpuonquotaobservertranslator.obj
d:\training\traininggame\traininggame\cocos2d\cocos\2d\release.win32\ccpuparticlesystem3dtranslator.obj
d:\training\traininggame\traininggame\cocos2d\cocos\2d\release.win32\ccpupositionemitter.obj
d:\training\traininggame\traininggame\cocos2d\cocos\2d\release.win32\ccpuribbontrail.obj
d:\training\traininggame\traininggame\cocos2d\cocos\2d\release.win32\ccpuscripttranslator.obj
d:\training\traininggame\traininggame\cocos2d\cocos\2d\release.win32\ccpuvortexaffector.obj
d:\training\traininggame\traininggame\cocos2d\cocos\2d\release.win32\idl_gen_cpp.obj
d:\training\traininggame\traininggame\cocos2d\cocos\2d\release.win32\ccattachnode.obj
d:\training\traininggame\traininggame\cocos2d\cocos\2d\release.win32\ccfrustum.obj
d:\training\traininggame\traininggame\cocos2d\cocos\2d\release.win32\ccmeshskin.obj
d:\training\traininggame\traininggame\cocos2d\cocos\2d\release.win32\ccobjloader.obj
d:\training\traininggame\traininggame\cocos2d\cocos\2d\release.win32\simpleaudioengine.obj
d:\training\traininggame\traininggame\cocos2d\cocos\2d\release.win32\ccconsole.obj
d:\training\traininggame\traininggame\cocos2d\cocos\2d\release.win32\cocos2d.obj
d:\training\traininggame\traininggame\cocos2d\cocos\2d\release.win32\ccnotificationcenter.obj
d:\training\traininggame\traininggame\cocos2d\cocos\2d\release.win32\ccbkeyframe.obj
d:\training\traininggame\traininggame\cocos2d\cocos\2d\release.win32\ccbsequence.obj
d:\training\traininggame\traininggame\cocos2d\cocos\2d\release.win32\cclabelttfloader.obj
d:\training\traininggame\traininggame\cocos2d\cocos\2d\release.win32\ccnode+ccbrelativepositioning.obj
d:\training\traininggame\traininggame\cocos2d\cocos\2d\release.win32\ccscrollviewloader.obj
d:\training\traininggame\traininggame\cocos2d\cocos\2d\release.win32\ccactionframe.obj
d:\training\traininggame\traininggame\cocos2d\cocos\2d\release.win32\ccactionframeeasing.obj
d:\training\traininggame\traininggame\cocos2d\cocos\2d\release.win32\ccarmatureanimation.obj
d:\training\traininggame\traininggame\cocos2d\cocos\2d\release.win32\cccomaudio.obj
d:\training\traininggame\traininggame\cocos2d\cocos\2d\release.win32\ccdisplayfactory.obj
d:\training\traininggame\traininggame\cocos2d\cocos\2d\release.win32\ccsguireader.obj
d:\training\traininggame\traininggame\cocos2d\cocos\2d\release.win32\triggerbase.obj
d:\training\traininggame\traininggame\cocos2d\cocos\2d\release.win32\gamenode3dreader.obj
d:\training\traininggame\traininggame\cocos2d\cocos\2d\release.win32\nodereaderprotocol.obj
d:\training\traininggame\traininggame\cocos2d\cocos\2d\release.win32\projectnodereader.obj
d:\training\traininggame\traininggame\cocos2d\cocos\2d\release.win32\spritereader.obj
d:\training\traininggame\traininggame\cocos2d\cocos\2d\release.win32\textreader.obj
d:\training\traininggame\traininggame\cocos2d\cocos\2d\release.win32\ccnavmesh.obj
d:\training\traininggame\traininggame\cocos2d\cocos\2d\release.win32\ccdownloader.obj
d:\training\traininggame\traininggame\cocos2d\cocos\2d\release.win32\ccphysics3d.obj
d:\training\traininggame\traininggame\cocos2d\cocos\2d\release.win32\ccphysics3dshape.obj
d:\training\traininggame\traininggame\cocos2d\cocos\2d\release.win32\ccphysicsshape.obj
d:\training\traininggame\traininggame\cocos2d\cocos\2d\release.win32\ccglview.obj
d:\training\traininggame\traininggame\cocos2d\cocos\2d\release.win32\ccglviewimpl-desktop.obj
d:\training\traininggame\traininggame\cocos2d\cocos\2d\release.win32\ccglprogramstate.obj
d:\training\traininggame\traininggame\cocos2d\cocos\2d\release.win32\ccquadcommand.obj
d:\training\traininggame\traininggame\cocos2d\cocos\2d\release.win32\ccshaders.obj
d:\training\traininggame\traininggame\cocos2d\cocos\2d\release.win32\cctexture2d.obj
d:\training\traininggame\traininggame\cocos2d\cocos\2d\release.win32\uiabstractcheckbutton.obj
d:\training\traininggame\traininggame\cocos2d\cocos\2d\release.win32\uieditbox.obj
d:\training\traininggame\traininggame\cocos2d\cocos\2d\release.win32\uilayoutmanager.obj
d:\training\traininggame\traininggame\cocos2d\cocos\2d\release.win32\uirichtext.obj
d:\training\traininggame\traininggame\cocos2d\cocos\2d\release.win32\ccfontfreetype.obj
d:\training\traininggame\traininggame\cocos2d\cocos\2d\release.win32\cclabelttf.obj
d:\training\traininggame\traininggame\cocos2d\cocos\2d\release.win32\ccmenu.obj
d:\training\traininggame\traininggame\cocos2d\cocos\2d\release.win32\ccprogresstimer.obj
d:\training\traininggame\traininggame\cocos2d\cocos\2d\release.win32\ccspriteframe.obj
d:\training\traininggame\traininggame\cocos2d\cocos\2d\release.win32\cctmxlayer.obj
d:\training\traininggame\traininggame\cocos2d\cocos\2d\release.win32\cctransition.obj
d:\training\traininggame\cocos2d\cocos\2d\release.win32\advancing_front.obj
d:\training\traininggame\cocos2d\cocos\2d\release.win32\armaturenodereader.obj
d:\training\traininggame\cocos2d\cocos\2d\release.win32\assetsmanager.obj
d:\training\traininggame\cocos2d\cocos\2d\release.win32\assetsmanagerex.obj
d:\training\traininggame\cocos2d\cocos\2d\release.win32\atitc.obj
d:\training\traininggame\cocos2d\cocos\2d\release.win32\audiocache.obj
d:\training\traininggame\cocos2d\cocos\2d\release.win32\audiodecoder.obj
d:\training\traininggame\cocos2d\cocos\2d\release.win32\audiodecodermanager.obj
d:\training\traininggame\cocos2d\cocos\2d\release.win32\audiodecodermp3.obj
d:\training\traininggame\cocos2d\cocos\2d\release.win32\audiodecoderogg.obj
d:\training\traininggame\cocos2d\cocos\2d\release.win32\audioengine-win32.obj
d:\training\traininggame\cocos2d\cocos\2d\release.win32\audioengine.obj
d:\training\traininggame\cocos2d\cocos\2d\release.win32\audioplayer.obj
d:\training\traininggame\cocos2d\cocos\2d\release.win32\base64.obj
d:\training\traininggame\cocos2d\cocos\2d\release.win32\bonenodereader.obj
d:\training\traininggame\cocos2d\cocos\2d\release.win32\buttonreader.obj
d:\training\traininggame\cocos2d\cocos\2d\release.win32\ccaabb.obj
d:\training\traininggame\cocos2d\cocos\2d\release.win32\ccaction.obj
d:\training\traininggame\cocos2d\cocos\2d\release.win32\ccactioncamera.obj
d:\training\traininggame\cocos2d\cocos\2d\release.win32\ccactioncatmullrom.obj
d:\training\traininggame\cocos2d\cocos\2d\release.win32\ccactionease.obj
d:\training\traininggame\cocos2d\cocos\2d\release.win32\ccactionframe.obj
d:\training\traininggame\cocos2d\cocos\2d\release.win32\ccactionframeeasing.obj
d:\training\traininggame\cocos2d\cocos\2d\release.win32\ccactiongrid.obj
d:\training\traininggame\cocos2d\cocos\2d\release.win32\ccactiongrid3d.obj
d:\training\traininggame\cocos2d\cocos\2d\release.win32\ccactioninstant.obj
d:\training\traininggame\cocos2d\cocos\2d\release.win32\ccactioninterval.obj
d:\training\traininggame\cocos2d\cocos\2d\release.win32\ccactionmanager.obj
d:\training\traininggame\cocos2d\cocos\2d\release.win32\ccactionmanagerex.obj
d:\training\traininggame\cocos2d\cocos\2d\release.win32\ccactionnode.obj
d:\training\traininggame\cocos2d\cocos\2d\release.win32\ccactionobject.obj
d:\training\traininggame\cocos2d\cocos\2d\release.win32\ccactionpageturn3d.obj
d:\training\traininggame\cocos2d\cocos\2d\release.win32\ccactionprogresstimer.obj
d:\training\traininggame\cocos2d\cocos\2d\release.win32\ccactiontiledgrid.obj
d:\training\traininggame\cocos2d\cocos\2d\release.win32\ccactiontimeline.obj
d:\training\traininggame\cocos2d\cocos\2d\release.win32\ccactiontimelinecache.obj
d:\training\traininggame\cocos2d\cocos\2d\release.win32\ccactiontimelinenode.obj
d:\training\traininggame\cocos2d\cocos\2d\release.win32\ccactiontween.obj
d:\training\traininggame\cocos2d\cocos\2d\release.win32\ccaffinetransform.obj
d:\training\traininggame\cocos2d\cocos\2d\release.win32\ccallocatordiagnostics.obj
d:\training\traininggame\cocos2d\cocos\2d\release.win32\ccallocatorglobal.obj
d:\training\traininggame\cocos2d\cocos\2d\release.win32\ccallocatorglobalnewdelete.obj
d:\training\traininggame\cocos2d\cocos\2d\release.win32\ccanimate3d.obj
d:\training\traininggame\cocos2d\cocos\2d\release.win32\ccanimation.obj
d:\training\traininggame\cocos2d\cocos\2d\release.win32\ccanimation3d.obj
d:\training\traininggame\cocos2d\cocos\2d\release.win32\ccanimationcache.obj
d:\training\traininggame\cocos2d\cocos\2d\release.win32\ccapplication-win32.obj
d:\training\traininggame\cocos2d\cocos\2d\release.win32\ccarmature.obj
d:\training\traininggame\cocos2d\cocos\2d\release.win32\ccarmatureanimation.obj
d:\training\traininggame\cocos2d\cocos\2d\release.win32\ccarmaturedatamanager.obj
d:\training\traininggame\cocos2d\cocos\2d\release.win32\ccarmaturedefine.obj
d:\training\traininggame\cocos2d\cocos\2d\release.win32\ccarray.obj
d:\training\traininggame\cocos2d\cocos\2d\release.win32\ccasynctaskpool.obj
d:\training\traininggame\cocos2d\cocos\2d\release.win32\ccatlasnode.obj
d:\training\traininggame\cocos2d\cocos\2d\release.win32\ccattachnode.obj
d:\training\traininggame\cocos2d\cocos\2d\release.win32\ccautopolygon.obj
d:\training\traininggame\cocos2d\cocos\2d\release.win32\ccautoreleasepool.obj
d:\training\traininggame\cocos2d\cocos\2d\release.win32\ccbanimationmanager.obj
d:\training\traininggame\cocos2d\cocos\2d\release.win32\ccbatchcommand.obj
d:\training\traininggame\cocos2d\cocos\2d\release.win32\ccbatchnode.obj
d:\training\traininggame\cocos2d\cocos\2d\release.win32\ccbfileloader.obj
d:\training\traininggame\cocos2d\cocos\2d\release.win32\ccbillboard.obj
d:\training\traininggame\cocos2d\cocos\2d\release.win32\ccbkeyframe.obj
d:\training\traininggame\cocos2d\cocos\2d\release.win32\ccbone.obj
d:\training\traininggame\cocos2d\cocos\2d\release.win32\ccbonenode.obj
d:\training\traininggame\cocos2d\cocos\2d\release.win32\ccbreader.obj
d:\training\traininggame\cocos2d\cocos\2d\release.win32\ccbsequence.obj
d:\training\traininggame\cocos2d\cocos\2d\release.win32\ccbsequenceproperty.obj
d:\training\traininggame\cocos2d\cocos\2d\release.win32\ccbundle3d.obj
d:\training\traininggame\cocos2d\cocos\2d\release.win32\ccbundlereader.obj
d:\training\traininggame\cocos2d\cocos\2d\release.win32\cccamera.obj
d:\training\traininggame\cocos2d\cocos\2d\release.win32\cccamerabackgroundbrush.obj
d:\training\traininggame\cocos2d\cocos\2d\release.win32\cccarray.obj
d:\training\traininggame\cocos2d\cocos\2d\release.win32\ccclippingnode.obj
d:\training\traininggame\cocos2d\cocos\2d\release.win32\ccclippingrectanglenode.obj
d:\training\traininggame\cocos2d\cocos\2d\release.win32\cccolliderdetector.obj
d:\training\traininggame\cocos2d\cocos\2d\release.win32\cccomattribute.obj
d:\training\traininggame\cocos2d\cocos\2d\release.win32\cccomaudio.obj
d:\training\traininggame\cocos2d\cocos\2d\release.win32\cccomcontroller.obj
d:\training\traininggame\cocos2d\cocos\2d\release.win32\cccomextensiondata.obj
d:\training\traininggame\cocos2d\cocos\2d\release.win32\cccommon-win32.obj
d:\training\traininggame\cocos2d\cocos\2d\release.win32\cccomponent.obj
d:\training\traininggame\cocos2d\cocos\2d\release.win32\cccomponentcontainer.obj
d:\training\traininggame\cocos2d\cocos\2d\release.win32\cccomrender.obj
d:\training\traininggame\cocos2d\cocos\2d\release.win32\ccconfiguration.obj
d:\training\traininggame\cocos2d\cocos\2d\release.win32\ccconsole.obj
d:\training\traininggame\cocos2d\cocos\2d\release.win32\cccontrol.obj
d:\training\traininggame\cocos2d\cocos\2d\release.win32\cccontrolbutton.obj
d:\training\traininggame\cocos2d\cocos\2d\release.win32\cccontrolbuttonloader.obj
d:\training\traininggame\cocos2d\cocos\2d\release.win32\cccontrolcolourpicker.obj
d:\training\traininggame\cocos2d\cocos\2d\release.win32\cccontrolhuepicker.obj
d:\training\traininggame\cocos2d\cocos\2d\release.win32\cccontroller.obj
d:\training\traininggame\cocos2d\cocos\2d\release.win32\cccontrolloader.obj
d:\training\traininggame\cocos2d\cocos\2d\release.win32\cccontrolpotentiometer.obj
d:\training\traininggame\cocos2d\cocos\2d\release.win32\cccontrolsaturationbrightnesspicker.obj
d:\training\traininggame\cocos2d\cocos\2d\release.win32\cccontrolslider.obj
d:\training\traininggame\cocos2d\cocos\2d\release.win32\cccontrolstepper.obj
d:\training\traininggame\cocos2d\cocos\2d\release.win32\cccontrolswitch.obj
d:\training\traininggame\cocos2d\cocos\2d\release.win32\cccontrolutils.obj
d:\training\traininggame\cocos2d\cocos\2d\release.win32\cccustomcommand.obj
d:\training\traininggame\cocos2d\cocos\2d\release.win32\ccdata.obj
d:\training\traininggame\cocos2d\cocos\2d\release.win32\ccdatareaderhelper.obj
d:\training\traininggame\cocos2d\cocos\2d\release.win32\ccdatas.obj
d:\training\traininggame\cocos2d\cocos\2d\release.win32\ccdatavisitor.obj
d:\training\traininggame\cocos2d\cocos\2d\release.win32\ccdecorativedisplay.obj
d:\training\traininggame\cocos2d\cocos\2d\release.win32\ccdeprecated.obj
d:\training\traininggame\cocos2d\cocos\2d\release.win32\ccdevice-win32.obj
d:\training\traininggame\cocos2d\cocos\2d\release.win32\ccdictionary.obj
d:\training\traininggame\cocos2d\cocos\2d\release.win32\ccdirector.obj
d:\training\traininggame\cocos2d\cocos\2d\release.win32\ccdisplayfactory.obj
d:\training\traininggame\cocos2d\cocos\2d\release.win32\ccdisplaymanager.obj
d:\training\traininggame\cocos2d\cocos\2d\release.win32\ccdownloader-curl.obj
d:\training\traininggame\cocos2d\cocos\2d\release.win32\ccdownloader.obj
d:\training\traininggame\cocos2d\cocos\2d\release.win32\ccdrawingprimitives.obj
d:\training\traininggame\cocos2d\cocos\2d\release.win32\ccdrawnode.obj
d:\training\traininggame\cocos2d\cocos\2d\release.win32\ccevent.obj
d:\training\traininggame\cocos2d\cocos\2d\release.win32\cceventacceleration.obj
d:\training\traininggame\cocos2d\cocos\2d\release.win32\cceventassetsmanagerex.obj
d:\training\traininggame\cocos2d\cocos\2d\release.win32\cceventcontroller.obj
d:\training\traininggame\cocos2d\cocos\2d\release.win32\cceventcustom.obj
d:\training\traininggame\cocos2d\cocos\2d\release.win32\cceventdispatcher.obj
d:\training\traininggame\cocos2d\cocos\2d\release.win32\cceventfocus.obj
d:\training\traininggame\cocos2d\cocos\2d\release.win32\cceventkeyboard.obj
d:\training\traininggame\cocos2d\cocos\2d\release.win32\cceventlistener.obj
d:\training\traininggame\cocos2d\cocos\2d\release.win32\cceventlisteneracceleration.obj
d:\training\traininggame\cocos2d\cocos\2d\release.win32\cceventlistenerassetsmanagerex.obj
d:\training\traininggame\cocos2d\cocos\2d\release.win32\cceventlistenercontroller.obj
d:\training\traininggame\cocos2d\cocos\2d\release.win32\cceventlistenercustom.obj
d:\training\traininggame\cocos2d\cocos\2d\release.win32\cceventlistenerfocus.obj
d:\training\traininggame\cocos2d\cocos\2d\release.win32\cceventlistenerkeyboard.obj
d:\training\traininggame\cocos2d\cocos\2d\release.win32\cceventlistenermouse.obj
d:\training\traininggame\cocos2d\cocos\2d\release.win32\cceventlistenertouch.obj
d:\training\traininggame\cocos2d\cocos\2d\release.win32\cceventmouse.obj
d:\training\traininggame\cocos2d\cocos\2d\release.win32\cceventtouch.obj
d:\training\traininggame\cocos2d\cocos\2d\release.win32\ccfasttmxlayer.obj
d:\training\traininggame\cocos2d\cocos\2d\release.win32\ccfasttmxtiledmap.obj
d:\training\traininggame\cocos2d\cocos\2d\release.win32\ccfileutils-win32.obj
d:\training\traininggame\cocos2d\cocos\2d\release.win32\ccfileutils.obj
d:\training\traininggame\cocos2d\cocos\2d\release.win32\ccfontatlas.obj
d:\training\traininggame\cocos2d\cocos\2d\release.win32\ccfontatlascache.obj
d:\training\traininggame\cocos2d\cocos\2d\release.win32\ccfontcharmap.obj
d:\training\traininggame\cocos2d\cocos\2d\release.win32\ccfontfnt.obj
d:\training\traininggame\cocos2d\cocos\2d\release.win32\ccfontfreetype.obj
d:\training\traininggame\cocos2d\cocos\2d\release.win32\ccfpsimages.obj
d:\training\traininggame\cocos2d\cocos\2d\release.win32\ccframe.obj
d:\training\traininggame\cocos2d\cocos\2d\release.win32\ccframebuffer.obj
d:\training\traininggame\cocos2d\cocos\2d\release.win32\ccfrustum.obj
d:\training\traininggame\cocos2d\cocos\2d\release.win32\ccgeometry.obj
d:\training\traininggame\cocos2d\cocos\2d\release.win32\ccglbufferednode.obj
d:\training\traininggame\cocos2d\cocos\2d\release.win32\ccglprogram.obj
d:\training\traininggame\cocos2d\cocos\2d\release.win32\ccglprogramcache.obj
d:\training\traininggame\cocos2d\cocos\2d\release.win32\ccglprogramstate.obj
d:\training\traininggame\cocos2d\cocos\2d\release.win32\ccglprogramstatecache.obj
d:\training\traininggame\cocos2d\cocos\2d\release.win32\ccglstatecache.obj
d:\training\traininggame\cocos2d\cocos\2d\release.win32\ccglview.obj
d:\training\traininggame\cocos2d\cocos\2d\release.win32\ccglviewimpl-desktop.obj
d:\training\traininggame\cocos2d\cocos\2d\release.win32\ccgrabber.obj
d:\training\traininggame\cocos2d\cocos\2d\release.win32\ccgrid.obj
d:\training\traininggame\cocos2d\cocos\2d\release.win32\ccgroupcommand.obj
d:\training\traininggame\cocos2d\cocos\2d\release.win32\ccimage.obj
d:\training\traininggame\cocos2d\cocos\2d\release.win32\ccimedispatcher.obj
d:\training\traininggame\cocos2d\cocos\2d\release.win32\ccinputdelegate.obj
d:\training\traininggame\cocos2d\cocos\2d\release.win32\ccinvocation.obj
d:\training\traininggame\cocos2d\cocos\2d\release.win32\cclabel.obj
d:\training\traininggame\cocos2d\cocos\2d\release.win32\cclabelatlas.obj
d:\training\traininggame\cocos2d\cocos\2d\release.win32\cclabelbmfont.obj
d:\training\traininggame\cocos2d\cocos\2d\release.win32\cclabelbmfontloader.obj
d:\training\traininggame\cocos2d\cocos\2d\release.win32\cclabeltextformatter.obj
d:\training\traininggame\cocos2d\cocos\2d\release.win32\cclabelttf.obj
d:\training\traininggame\cocos2d\cocos\2d\release.win32\cclabelttfloader.obj
d:\training\traininggame\cocos2d\cocos\2d\release.win32\cclayer.obj
d:\training\traininggame\cocos2d\cocos\2d\release.win32\cclayercolorloader.obj
d:\training\traininggame\cocos2d\cocos\2d\release.win32\cclayergradientloader.obj
d:\training\traininggame\cocos2d\cocos\2d\release.win32\cclayerloader.obj
d:\training\traininggame\cocos2d\cocos\2d\release.win32\cclight.obj
d:\training\traininggame\cocos2d\cocos\2d\release.win32\ccmaterial.obj
d:\training\traininggame\cocos2d\cocos\2d\release.win32\ccmenu.obj
d:\training\traininggame\cocos2d\cocos\2d\release.win32\ccmenuitem.obj
d:\training\traininggame\cocos2d\cocos\2d\release.win32\ccmenuitemimageloader.obj
d:\training\traininggame\cocos2d\cocos\2d\release.win32\ccmenuitemloader.obj
d:\training\traininggame\cocos2d\cocos\2d\release.win32\ccmesh.obj
d:\training\traininggame\cocos2d\cocos\2d\release.win32\ccmeshcommand.obj
d:\training\traininggame\cocos2d\cocos\2d\release.win32\ccmeshskin.obj
d:\training\traininggame\cocos2d\cocos\2d\release.win32\ccmeshvertexindexdata.obj
d:\training\traininggame\cocos2d\cocos\2d\release.win32\ccmotionstreak.obj
d:\training\traininggame\cocos2d\cocos\2d\release.win32\ccmotionstreak3d.obj
d:\training\traininggame\cocos2d\cocos\2d\release.win32\ccnavmesh.obj
d:\training\traininggame\cocos2d\cocos\2d\release.win32\ccnavmeshagent.obj
d:\training\traininggame\cocos2d\cocos\2d\release.win32\ccnavmeshdebugdraw.obj
d:\training\traininggame\cocos2d\cocos\2d\release.win32\ccnavmeshobstacle.obj
d:\training\traininggame\cocos2d\cocos\2d\release.win32\ccnavmeshutils.obj
d:\training\traininggame\cocos2d\cocos\2d\release.win32\ccninepatchimageparser.obj
d:\training\traininggame\cocos2d\cocos\2d\release.win32\ccnode+ccbrelativepositioning.obj
d:\training\traininggame\cocos2d\cocos\2d\release.win32\ccnode.obj
d:\training\traininggame\cocos2d\cocos\2d\release.win32\ccnodegrid.obj
d:\training\traininggame\cocos2d\cocos\2d\release.win32\ccnodeloader.obj
d:\training\traininggame\cocos2d\cocos\2d\release.win32\ccnodeloaderlibrary.obj
d:\training\traininggame\cocos2d\cocos\2d\release.win32\ccnotificationcenter.obj
d:\training\traininggame\cocos2d\cocos\2d\release.win32\ccns.obj
d:\training\traininggame\cocos2d\cocos\2d\release.win32\ccobb.obj
d:\training\traininggame\cocos2d\cocos\2d\release.win32\ccobjloader.obj
d:\training\traininggame\cocos2d\cocos\2d\release.win32\ccparallaxnode.obj
d:\training\traininggame\cocos2d\cocos\2d\release.win32\ccparticle3daffector.obj
d:\training\traininggame\cocos2d\cocos\2d\release.win32\ccparticle3demitter.obj
d:\training\traininggame\cocos2d\cocos\2d\release.win32\ccparticle3drender.obj
d:\training\traininggame\cocos2d\cocos\2d\release.win32\ccparticlebatchnode.obj
d:\training\traininggame\cocos2d\cocos\2d\release.win32\ccparticleexamples.obj
d:\training\traininggame\cocos2d\cocos\2d\release.win32\ccparticlesystem.obj
d:\training\traininggame\cocos2d\cocos\2d\release.win32\ccparticlesystem3d.obj
d:\training\traininggame\cocos2d\cocos\2d\release.win32\ccparticlesystemquad.obj
d:\training\traininggame\cocos2d\cocos\2d\release.win32\ccparticlesystemquadloader.obj
d:\training\traininggame\cocos2d\cocos\2d\release.win32\ccpass.obj
d:\training\traininggame\cocos2d\cocos\2d\release.win32\ccphysics3d.obj
d:\training\traininggame\cocos2d\cocos\2d\release.win32\ccphysics3dcomponent.obj
d:\training\traininggame\cocos2d\cocos\2d\release.win32\ccphysics3dconstraint.obj
d:\training\traininggame\cocos2d\cocos\2d\release.win32\ccphysics3ddebugdrawer.obj
d:\training\traininggame\cocos2d\cocos\2d\release.win32\ccphysics3dobject.obj
d:\training\traininggame\cocos2d\cocos\2d\release.win32\ccphysics3dshape.obj
d:\training\traininggame\cocos2d\cocos\2d\release.win32\ccphysics3dworld.obj
d:\training\traininggame\cocos2d\cocos\2d\release.win32\ccphysicsbody.obj
d:\training\traininggame\cocos2d\cocos\2d\release.win32\ccphysicscontact.obj
d:\training\traininggame\cocos2d\cocos\2d\release.win32\ccphysicsdebugnode.obj
d:\training\traininggame\cocos2d\cocos\2d\release.win32\ccphysicsjoint.obj
d:\training\traininggame\cocos2d\cocos\2d\release.win32\ccphysicsshape.obj
d:\training\traininggame\cocos2d\cocos\2d\release.win32\ccphysicssprite.obj
d:\training\traininggame\cocos2d\cocos\2d\release.win32\ccphysicssprite3d.obj
d:\training\traininggame\cocos2d\cocos\2d\release.win32\ccphysicsworld.obj
d:\training\traininggame\cocos2d\cocos\2d\release.win32\ccplane.obj
d:\training\traininggame\cocos2d\cocos\2d\release.win32\ccprimitive.obj
d:\training\traininggame\cocos2d\cocos\2d\release.win32\ccprimitivecommand.obj
d:\training\traininggame\cocos2d\cocos\2d\release.win32\ccprocessbase.obj
d:\training\traininggame\cocos2d\cocos\2d\release.win32\ccprofiling.obj
d:\training\traininggame\cocos2d\cocos\2d\release.win32\ccprogresstimer.obj
d:\training\traininggame\cocos2d\cocos\2d\release.win32\ccproperties.obj
d:\training\traininggame\cocos2d\cocos\2d\release.win32\ccprotectednode.obj
d:\training\traininggame\cocos2d\cocos\2d\release.win32\ccpuaffector.obj
d:\training\traininggame\cocos2d\cocos\2d\release.win32\ccpuaffectormanager.obj
d:\training\traininggame\cocos2d\cocos\2d\release.win32\ccpuaffectortranslator.obj
d:\training\traininggame\cocos2d\cocos\2d\release.win32\ccpualignaffector.obj
d:\training\traininggame\cocos2d\cocos\2d\release.win32\ccpualignaffectortranslator.obj
d:\training\traininggame\cocos2d\cocos\2d\release.win32\ccpubasecollider.obj
d:\training\traininggame\cocos2d\cocos\2d\release.win32\ccpubasecollidertranslator.obj
d:\training\traininggame\cocos2d\cocos\2d\release.win32\ccpubaseforceaffector.obj
d:\training\traininggame\cocos2d\cocos\2d\release.win32\ccpubaseforceaffectortranslator.obj
d:\training\traininggame\cocos2d\cocos\2d\release.win32\ccpubeamrender.obj
d:\training\traininggame\cocos2d\cocos\2d\release.win32\ccpubehaviour.obj
d:\training\traininggame\cocos2d\cocos\2d\release.win32\ccpubehaviourmanager.obj
d:\training\traininggame\cocos2d\cocos\2d\release.win32\ccpubehaviourtranslator.obj
d:\training\traininggame\cocos2d\cocos\2d\release.win32\ccpubillboardchain.obj
d:\training\traininggame\cocos2d\cocos\2d\release.win32\ccpuboxcollider.obj
d:\training\traininggame\cocos2d\cocos\2d\release.win32\ccpuboxcollidertranslator.obj
d:\training\traininggame\cocos2d\cocos\2d\release.win32\ccpuboxemitter.obj
d:\training\traininggame\cocos2d\cocos\2d\release.win32\ccpuboxemittertranslator.obj
d:\training\traininggame\cocos2d\cocos\2d\release.win32\ccpucircleemitter.obj
d:\training\traininggame\cocos2d\cocos\2d\release.win32\ccpucircleemittertranslator.obj
d:\training\traininggame\cocos2d\cocos\2d\release.win32\ccpucollisionavoidanceaffector.obj
d:\training\traininggame\cocos2d\cocos\2d\release.win32\ccpucollisionavoidanceaffectortranslator.obj
d:\training\traininggame\cocos2d\cocos\2d\release.win32\ccpucoloraffector.obj
d:\training\traininggame\cocos2d\cocos\2d\release.win32\ccpucoloraffectortranslator.obj
d:\training\traininggame\cocos2d\cocos\2d\release.win32\ccpudoaffectoreventhandler.obj
d:\training\traininggame\cocos2d\cocos\2d\release.win32\ccpudoaffectoreventhandlertranslator.obj
d:\training\traininggame\cocos2d\cocos\2d\release.win32\ccpudoenablecomponenteventhandler.obj
d:\training\traininggame\cocos2d\cocos\2d\release.win32\ccpudoenablecomponenteventhandlertranslator.obj
d:\training\traininggame\cocos2d\cocos\2d\release.win32\ccpudoexpireeventhandler.obj
d:\training\traininggame\cocos2d\cocos\2d\release.win32\ccpudoexpireeventhandlertranslator.obj
d:\training\traininggame\cocos2d\cocos\2d\release.win32\ccpudofreezeeventhandler.obj
d:\training\traininggame\cocos2d\cocos\2d\release.win32\ccpudofreezeeventhandlertranslator.obj
d:\training\traininggame\cocos2d\cocos\2d\release.win32\ccpudoplacementparticleeventhandler.obj
d:\training\traininggame\cocos2d\cocos\2d\release.win32\ccpudoplacementparticleeventhandlertranslator.obj
d:\training\traininggame\cocos2d\cocos\2d\release.win32\ccpudoscaleeventhandler.obj
d:\training\traininggame\cocos2d\cocos\2d\release.win32\ccpudoscaleeventhandlertranslator.obj
d:\training\traininggame\cocos2d\cocos\2d\release.win32\ccpudostopsystemeventhandler.obj
d:\training\traininggame\cocos2d\cocos\2d\release.win32\ccpudostopsystemeventhandlertranslator.obj
d:\training\traininggame\cocos2d\cocos\2d\release.win32\ccpudynamicattribute.obj
d:\training\traininggame\cocos2d\cocos\2d\release.win32\ccpudynamicattributetranslator.obj
d:\training\traininggame\cocos2d\cocos\2d\release.win32\ccpuemitter.obj
d:\training\traininggame\cocos2d\cocos\2d\release.win32\ccpuemittermanager.obj
d:\training\traininggame\cocos2d\cocos\2d\release.win32\ccpuemittertranslator.obj
d:\training\traininggame\cocos2d\cocos\2d\release.win32\ccpueventhandler.obj
d:\training\traininggame\cocos2d\cocos\2d\release.win32\ccpueventhandlermanager.obj
d:\training\traininggame\cocos2d\cocos\2d\release.win32\ccpueventhandlertranslator.obj
d:\training\traininggame\cocos2d\cocos\2d\release.win32\ccpuflockcenteringaffector.obj
d:\training\traininggame\cocos2d\cocos\2d\release.win32\ccpuflockcenteringaffectortranslator.obj
d:\training\traininggame\cocos2d\cocos\2d\release.win32\ccpuforcefield.obj
d:\training\traininggame\cocos2d\cocos\2d\release.win32\ccpuforcefieldaffector.obj
d:\training\traininggame\cocos2d\cocos\2d\release.win32\ccpuforcefieldaffectortranslator.obj
d:\training\traininggame\cocos2d\cocos\2d\release.win32\ccpugeometryrotator.obj
d:\training\traininggame\cocos2d\cocos\2d\release.win32\ccpugeometryrotatortranslator.obj
d:\training\traininggame\cocos2d\cocos\2d\release.win32\ccpugravityaffector.obj
d:\training\traininggame\cocos2d\cocos\2d\release.win32\ccpugravityaffectortranslator.obj
d:\training\traininggame\cocos2d\cocos\2d\release.win32\ccpuinterparticlecollider.obj
d:\training\traininggame\cocos2d\cocos\2d\release.win32\ccpuinterparticlecollidertranslator.obj
d:\training\traininggame\cocos2d\cocos\2d\release.win32\ccpujetaffector.obj
d:\training\traininggame\cocos2d\cocos\2d\release.win32\ccpujetaffectortranslator.obj
d:\training\traininggame\cocos2d\cocos\2d\release.win32\ccpulineaffector.obj
d:\training\traininggame\cocos2d\cocos\2d\release.win32\ccpulineaffectortranslator.obj
d:\training\traininggame\cocos2d\cocos\2d\release.win32\ccpulinearforceaffector.obj
d:\training\traininggame\cocos2d\cocos\2d\release.win32\ccpulinearforceaffectortranslator.obj
d:\training\traininggame\cocos2d\cocos\2d\release.win32\ccpulineemitter.obj
d:\training\traininggame\cocos2d\cocos\2d\release.win32\ccpulineemittertranslator.obj
d:\training\traininggame\cocos2d\cocos\2d\release.win32\ccpulistener.obj
d:\training\traininggame\cocos2d\cocos\2d\release.win32\ccpumaterialmanager.obj
d:\training\traininggame\cocos2d\cocos\2d\release.win32\ccpumaterialtranslator.obj
d:\training\traininggame\cocos2d\cocos\2d\release.win32\ccpumeshsurfaceemitter.obj
d:\training\traininggame\cocos2d\cocos\2d\release.win32\ccpumeshsurfaceemittertranslator.obj
d:\training\traininggame\cocos2d\cocos\2d\release.win32\ccpunoise.obj
d:\training\traininggame\cocos2d\cocos\2d\release.win32\ccpuobserver.obj
d:\training\traininggame\cocos2d\cocos\2d\release.win32\ccpuobservermanager.obj
d:\training\traininggame\cocos2d\cocos\2d\release.win32\ccpuobservertranslator.obj
d:\training\traininggame\cocos2d\cocos\2d\release.win32\ccpuonclearobserver.obj
d:\training\traininggame\cocos2d\cocos\2d\release.win32\ccpuonclearobservertranslator.obj
d:\training\traininggame\cocos2d\cocos\2d\release.win32\ccpuoncollisionobserver.obj
d:\training\traininggame\cocos2d\cocos\2d\release.win32\ccpuoncollisionobservertranslator.obj
d:\training\traininggame\cocos2d\cocos\2d\release.win32\ccpuoncountobserver.obj
d:\training\traininggame\cocos2d\cocos\2d\release.win32\ccpuoncountobservertranslator.obj
d:\training\traininggame\cocos2d\cocos\2d\release.win32\ccpuonemissionobserver.obj
d:\training\traininggame\cocos2d\cocos\2d\release.win32\ccpuonemissionobservertranslator.obj
d:\training\traininggame\cocos2d\cocos\2d\release.win32\ccpuoneventflagobserver.obj
d:\training\traininggame\cocos2d\cocos\2d\release.win32\ccpuoneventflagobservertranslator.obj
d:\training\traininggame\cocos2d\cocos\2d\release.win32\ccpuonexpireobserver.obj
d:\training\traininggame\cocos2d\cocos\2d\release.win32\ccpuonexpireobservertranslator.obj
d:\training\traininggame\cocos2d\cocos\2d\release.win32\ccpuonpositionobserver.obj
d:\training\traininggame\cocos2d\cocos\2d\release.win32\ccpuonpositionobservertranslator.obj
d:\training\traininggame\cocos2d\cocos\2d\release.win32\ccpuonquotaobserver.obj
d:\training\traininggame\cocos2d\cocos\2d\release.win32\ccpuonquotaobservertranslator.obj
d:\training\traininggame\cocos2d\cocos\2d\release.win32\ccpuonrandomobserver.obj
d:\training\traininggame\cocos2d\cocos\2d\release.win32\ccpuonrandomobservertranslator.obj
d:\training\traininggame\cocos2d\cocos\2d\release.win32\ccpuontimeobserver.obj
d:\training\traininggame\cocos2d\cocos\2d\release.win32\ccpuontimeobservertranslator.obj
d:\training\traininggame\cocos2d\cocos\2d\release.win32\ccpuonvelocityobserver.obj
d:\training\traininggame\cocos2d\cocos\2d\release.win32\ccpuonvelocityobservertranslator.obj
d:\training\traininggame\cocos2d\cocos\2d\release.win32\ccpuparticlefollower.obj
d:\training\traininggame\cocos2d\cocos\2d\release.win32\ccpuparticlefollowertranslator.obj
d:\training\traininggame\cocos2d\cocos\2d\release.win32\ccpuparticlesystem3d.obj
d:\training\traininggame\cocos2d\cocos\2d\release.win32\ccpuparticlesystem3dtranslator.obj
d:\training\traininggame\cocos2d\cocos\2d\release.win32\ccpupathfollower.obj
d:\training\traininggame\cocos2d\cocos\2d\release.win32\ccpupathfollowertranslator.obj
d:\training\traininggame\cocos2d\cocos\2d\release.win32\ccpuplane.obj
d:\training\traininggame\cocos2d\cocos\2d\release.win32\ccpuplanecollider.obj
d:\training\traininggame\cocos2d\cocos\2d\release.win32\ccpuplanecollidertranslator.obj
d:\training\traininggame\cocos2d\cocos\2d\release.win32\ccpupointemitter.obj
d:\training\traininggame\cocos2d\cocos\2d\release.win32\ccpupointemittertranslator.obj
d:\training\traininggame\cocos2d\cocos\2d\release.win32\ccpupositionemitter.obj
d:\training\traininggame\cocos2d\cocos\2d\release.win32\ccpupositionemittertranslator.obj
d:\training\traininggame\cocos2d\cocos\2d\release.win32\ccpurandomiser.obj
d:\training\traininggame\cocos2d\cocos\2d\release.win32\ccpurandomisertranslator.obj
d:\training\traininggame\cocos2d\cocos\2d\release.win32\ccpurender.obj
d:\training\traininggame\cocos2d\cocos\2d\release.win32\ccpurenderertranslator.obj
d:\training\traininggame\cocos2d\cocos\2d\release.win32\ccpuribbontrail.obj
d:\training\traininggame\cocos2d\cocos\2d\release.win32\ccpuribbontrailrender.obj
d:\training\traininggame\cocos2d\cocos\2d\release.win32\ccpuscaleaffector.obj
d:\training\traininggame\cocos2d\cocos\2d\release.win32\ccpuscaleaffectortranslator.obj
d:\training\traininggame\cocos2d\cocos\2d\release.win32\ccpuscalevelocityaffector.obj
d:\training\traininggame\cocos2d\cocos\2d\release.win32\ccpuscalevelocityaffectortranslator.obj
d:\training\traininggame\cocos2d\cocos\2d\release.win32\ccpuscriptcompiler.obj
d:\training\traininggame\cocos2d\cocos\2d\release.win32\ccpuscriptlexer.obj
d:\training\traininggame\cocos2d\cocos\2d\release.win32\ccpuscriptparser.obj
d:\training\traininggame\cocos2d\cocos\2d\release.win32\ccpuscripttranslator.obj
d:\training\traininggame\cocos2d\cocos\2d\release.win32\ccpusimplespline.obj
d:\training\traininggame\cocos2d\cocos\2d\release.win32\ccpusineforceaffector.obj
d:\training\traininggame\cocos2d\cocos\2d\release.win32\ccpusineforceaffectortranslator.obj
d:\training\traininggame\cocos2d\cocos\2d\release.win32\ccpuslavebehaviour.obj
d:\training\traininggame\cocos2d\cocos\2d\release.win32\ccpuslavebehaviourtranslator.obj
d:\training\traininggame\cocos2d\cocos\2d\release.win32\ccpuslaveemitter.obj
d:\training\traininggame\cocos2d\cocos\2d\release.win32\ccpuslaveemittertranslator.obj
d:\training\traininggame\cocos2d\cocos\2d\release.win32\ccpusphere.obj
d:\training\traininggame\cocos2d\cocos\2d\release.win32\ccpuspherecollider.obj
d:\training\traininggame\cocos2d\cocos\2d\release.win32\ccpuspherecollidertranslator.obj
d:\training\traininggame\cocos2d\cocos\2d\release.win32\ccpuspheresurfaceemitter.obj
d:\training\traininggame\cocos2d\cocos\2d\release.win32\ccpuspheresurfaceemittertranslator.obj
d:\training\traininggame\cocos2d\cocos\2d\release.win32\ccputechniquetranslator.obj
d:\training\traininggame\cocos2d\cocos\2d\release.win32\ccputextureanimator.obj
d:\training\traininggame\cocos2d\cocos\2d\release.win32\ccputextureanimatortranslator.obj
d:\training\traininggame\cocos2d\cocos\2d\release.win32\ccputexturerotator.obj
d:\training\traininggame\cocos2d\cocos\2d\release.win32\ccputexturerotatortranslator.obj
d:\training\traininggame\cocos2d\cocos\2d\release.win32\ccputranslatemanager.obj
d:\training\traininggame\cocos2d\cocos\2d\release.win32\ccpuutil.obj
d:\training\traininggame\cocos2d\cocos\2d\release.win32\ccpuvelocitymatchingaffector.obj
d:\training\traininggame\cocos2d\cocos\2d\release.win32\ccpuvelocitymatchingaffectortranslator.obj
d:\training\traininggame\cocos2d\cocos\2d\release.win32\ccpuvertexemitter.obj
d:\training\traininggame\cocos2d\cocos\2d\release.win32\ccpuvortexaffector.obj
d:\training\traininggame\cocos2d\cocos\2d\release.win32\ccpuvortexaffectortranslator.obj
d:\training\traininggame\cocos2d\cocos\2d\release.win32\ccquadcommand.obj
d:\training\traininggame\cocos2d\cocos\2d\release.win32\ccrandom.obj
d:\training\traininggame\cocos2d\cocos\2d\release.win32\ccray.obj
d:\training\traininggame\cocos2d\cocos\2d\release.win32\ccref.obj
d:\training\traininggame\cocos2d\cocos\2d\release.win32\ccrendercommand.obj
d:\training\traininggame\cocos2d\cocos\2d\release.win32\ccrenderer.obj
d:\training\traininggame\cocos2d\cocos\2d\release.win32\ccrenderstate.obj
d:\training\traininggame\cocos2d\cocos\2d\release.win32\ccrendertexture.obj
d:\training\traininggame\cocos2d\cocos\2d\release.win32\ccsaxparser.obj
d:\training\traininggame\cocos2d\cocos\2d\release.win32\ccscale9spriteloader.obj
d:\training\traininggame\cocos2d\cocos\2d\release.win32\ccscene.obj
d:\training\traininggame\cocos2d\cocos\2d\release.win32\ccscheduler.obj
d:\training\traininggame\cocos2d\cocos\2d\release.win32\ccscriptsupport.obj
d:\training\traininggame\cocos2d\cocos\2d\release.win32\ccscrollview.obj
d:\training\traininggame\cocos2d\cocos\2d\release.win32\ccscrollviewloader.obj
d:\training\traininggame\cocos2d\cocos\2d\release.win32\ccset.obj
d:\training\traininggame\cocos2d\cocos\2d\release.win32\ccsguireader.obj
d:\training\traininggame\cocos2d\cocos\2d\release.win32\ccshaders.obj
d:\training\traininggame\cocos2d\cocos\2d\release.win32\ccskeleton3d.obj
d:\training\traininggame\cocos2d\cocos\2d\release.win32\ccskeletonnode.obj
d:\training\traininggame\cocos2d\cocos\2d\release.win32\ccskin.obj
d:\training\traininggame\cocos2d\cocos\2d\release.win32\ccskinnode.obj
d:\training\traininggame\cocos2d\cocos\2d\release.win32\ccskybox.obj
d:\training\traininggame\cocos2d\cocos\2d\release.win32\ccsprite.obj
d:\training\traininggame\cocos2d\cocos\2d\release.win32\ccsprite3d.obj
d:\training\traininggame\cocos2d\cocos\2d\release.win32\ccsprite3dmaterial.obj
d:\training\traininggame\cocos2d\cocos\2d\release.win32\ccspritebatchnode.obj
d:\training\traininggame\cocos2d\cocos\2d\release.win32\ccspriteframe.obj
d:\training\traininggame\cocos2d\cocos\2d\release.win32\ccspriteframecache.obj
d:\training\traininggame\cocos2d\cocos\2d\release.win32\ccspriteframecachehelper.obj
d:\training\traininggame\cocos2d\cocos\2d\release.win32\ccspriteloader.obj
d:\training\traininggame\cocos2d\cocos\2d\release.win32\ccsscenereader.obj
d:\training\traininggame\cocos2d\cocos\2d\release.win32\ccstdc-win32.obj
d:\training\traininggame\cocos2d\cocos\2d\release.win32\ccstencilstatemanager.obj
d:\training\traininggame\cocos2d\cocos\2d\release.win32\ccstring.obj
d:\training\traininggame\cocos2d\cocos\2d\release.win32\cctableview.obj
d:\training\traininggame\cocos2d\cocos\2d\release.win32\cctableviewcell.obj
d:\training\traininggame\cocos2d\cocos\2d\release.win32\cctechnique.obj
d:\training\traininggame\cocos2d\cocos\2d\release.win32\ccterrain.obj
d:\training\traininggame\cocos2d\cocos\2d\release.win32\cctextfieldttf.obj
d:\training\traininggame\cocos2d\cocos\2d\release.win32\cctexture2d.obj
d:\training\traininggame\cocos2d\cocos\2d\release.win32\cctextureatlas.obj
d:\training\traininggame\cocos2d\cocos\2d\release.win32\cctexturecache.obj
d:\training\traininggame\cocos2d\cocos\2d\release.win32\cctexturecube.obj
d:\training\traininggame\cocos2d\cocos\2d\release.win32\ccthread.obj
d:\training\traininggame\cocos2d\cocos\2d\release.win32\cctilemapatlas.obj
d:\training\traininggame\cocos2d\cocos\2d\release.win32\cctimeline.obj
d:\training\traininggame\cocos2d\cocos\2d\release.win32\cctmxlayer.obj
d:\training\traininggame\cocos2d\cocos\2d\release.win32\cctmxobjectgroup.obj
d:\training\traininggame\cocos2d\cocos\2d\release.win32\cctmxtiledmap.obj
d:\training\traininggame\cocos2d\cocos\2d\release.win32\cctmxxmlparser.obj
d:\training\traininggame\cocos2d\cocos\2d\release.win32\cctouch.obj
d:\training\traininggame\cocos2d\cocos\2d\release.win32\cctransformhelp.obj
d:\training\traininggame\cocos2d\cocos\2d\release.win32\cctransition.obj
d:\training\traininggame\cocos2d\cocos\2d\release.win32\cctransitionpageturn.obj
d:\training\traininggame\cocos2d\cocos\2d\release.win32\cctransitionprogress.obj
d:\training\traininggame\cocos2d\cocos\2d\release.win32\cctrianglescommand.obj
d:\training\traininggame\cocos2d\cocos\2d\release.win32\cctween.obj
d:\training\traininggame\cocos2d\cocos\2d\release.win32\cctweenfunction.obj
d:\training\traininggame\cocos2d\cocos\2d\release.win32\cctypes.obj
d:\training\traininggame\cocos2d\cocos\2d\release.win32\ccuserdefault.obj
d:\training\traininggame\cocos2d\cocos\2d\release.win32\ccutf8.obj
d:\training\traininggame\cocos2d\cocos\2d\release.win32\ccutilmath.obj
d:\training\traininggame\cocos2d\cocos\2d\release.win32\ccutils-win32.obj
d:\training\traininggame\cocos2d\cocos\2d\release.win32\ccutils.obj
d:\training\traininggame\cocos2d\cocos\2d\release.win32\ccvalue.obj
d:\training\traininggame\cocos2d\cocos\2d\release.win32\ccvertex.obj
d:\training\traininggame\cocos2d\cocos\2d\release.win32\ccvertexattribbinding.obj
d:\training\traininggame\cocos2d\cocos\2d\release.win32\ccvertexindexbuffer.obj
d:\training\traininggame\cocos2d\cocos\2d\release.win32\ccvertexindexdata.obj
d:\training\traininggame\cocos2d\cocos\2d\release.win32\ccvrdistortion.obj
d:\training\traininggame\cocos2d\cocos\2d\release.win32\ccvrdistortionmesh.obj
d:\training\traininggame\cocos2d\cocos\2d\release.win32\ccvrgenericheadtracker.obj
d:\training\traininggame\cocos2d\cocos\2d\release.win32\ccvrgenericrenderer.obj
d:\training\traininggame\cocos2d\cocos\2d\release.win32\cdt.obj
d:\training\traininggame\cocos2d\cocos\2d\release.win32\checkboxreader.obj
d:\training\traininggame\cocos2d\cocos\2d\release.win32\clipper.obj
d:\training\traininggame\cocos2d\cocos\2d\release.win32\cocoloader.obj
d:\training\traininggame\cocos2d\cocos\2d\release.win32\cocos2d.obj
d:\training\traininggame\cocos2d\cocos\2d\release.win32\cocosgui.obj
d:\training\traininggame\cocos2d\cocos\2d\release.win32\cocostudio.obj
d:\training\traininggame\cocos2d\cocos\2d\release.win32\comaudioreader.obj
d:\training\traininggame\cocos2d\cocos\2d\release.win32\convertutf.obj
d:\training\traininggame\cocos2d\cocos\2d\release.win32\convertutfwrapper.obj
d:\training\traininggame\cocos2d\cocos\2d\release.win32\csloader.obj
d:\training\traininggame\cocos2d\cocos\2d\release.win32\dictionaryhelper.obj
d:\training\traininggame\cocos2d\cocos\2d\release.win32\edtaa3func.obj
d:\training\traininggame\cocos2d\cocos\2d\release.win32\etc1.obj
d:\training\traininggame\cocos2d\cocos\2d\release.win32\flatbuffersserialize.obj
d:\training\traininggame\cocos2d\cocos\2d\release.win32\gamemapreader.obj
d:\training\traininggame\cocos2d\cocos\2d\release.win32\gamenode3dreader.obj
d:\training\traininggame\cocos2d\cocos\2d\release.win32\httpclient.obj
d:\training\traininggame\cocos2d\cocos\2d\release.win32\idl_gen_cpp.obj
d:\training\traininggame\cocos2d\cocos\2d\release.win32\idl_gen_fbs.obj
d:\training\traininggame\cocos2d\cocos\2d\release.win32\idl_gen_general.obj
d:\training\traininggame\cocos2d\cocos\2d\release.win32\idl_gen_go.obj
d:\training\traininggame\cocos2d\cocos\2d\release.win32\idl_gen_text.obj
d:\training\traininggame\cocos2d\cocos\2d\release.win32\idl_parser.obj
d:\training\traininggame\cocos2d\cocos\2d\release.win32\imageviewreader.obj
d:\training\traininggame\cocos2d\cocos\2d\release.win32\ioapi.obj
d:\training\traininggame\cocos2d\cocos\2d\release.win32\ioapi_mem.obj
d:\training\traininggame\cocos2d\cocos\2d\release.win32\layoutreader.obj
d:\training\traininggame\cocos2d\cocos\2d\release.win32\light3dreader.obj
d:\training\traininggame\cocos2d\cocos\2d\release.win32\listviewreader.obj
d:\training\traininggame\cocos2d\cocos\2d\release.win32\loadingbarreader.obj
d:\training\traininggame\cocos2d\cocos\2d\release.win32\localizationmanager.obj
d:\training\traininggame\cocos2d\cocos\2d\release.win32\localstorage.obj
d:\training\traininggame\cocos2d\cocos\2d\release.win32\manifest.obj
d:\training\traininggame\cocos2d\cocos\2d\release.win32\mat4.obj
d:\training\traininggame\cocos2d\cocos\2d\release.win32\mathutil.obj
d:\training\traininggame\cocos2d\cocos\2d\release.win32\mciplayer.obj
d:\training\traininggame\cocos2d\cocos\2d\release.win32\md5.obj
d:\training\traininggame\cocos2d\cocos\2d\release.win32\node3dreader.obj
d:\training\traininggame\cocos2d\cocos\2d\release.win32\nodereader.obj
d:\training\traininggame\cocos2d\cocos\2d\release.win32\nodereaderdefine.obj
d:\training\traininggame\cocos2d\cocos\2d\release.win32\nodereaderprotocol.obj
d:\training\traininggame\cocos2d\cocos\2d\release.win32\objectfactory.obj
d:\training\traininggame\cocos2d\cocos\2d\release.win32\pageviewreader.obj
d:\training\traininggame\cocos2d\cocos\2d\release.win32\particle3dreader.obj
d:\training\traininggame\cocos2d\cocos\2d\release.win32\particlereader.obj
d:\training\traininggame\cocos2d\cocos\2d\release.win32\precheader.obj
d:\training\traininggame\cocos2d\cocos\2d\release.win32\projectnodereader.obj
d:\training\traininggame\cocos2d\cocos\2d\release.win32\pvr.obj
d:\training\traininggame\cocos2d\cocos\2d\release.win32\quaternion.obj
d:\training\traininggame\cocos2d\cocos\2d\release.win32\s3tc.obj
d:\training\traininggame\cocos2d\cocos\2d\release.win32\scrollviewreader.obj
d:\training\traininggame\cocos2d\cocos\2d\release.win32\shapes.obj
d:\training\traininggame\cocos2d\cocos\2d\release.win32\simpleaudioengine.obj
d:\training\traininggame\cocos2d\cocos\2d\release.win32\singlenodereader.obj
d:\training\traininggame\cocos2d\cocos\2d\release.win32\skeletonnodereader.obj
d:\training\traininggame\cocos2d\cocos\2d\release.win32\sliderreader.obj
d:\training\traininggame\cocos2d\cocos\2d\release.win32\socketio.obj
d:\training\traininggame\cocos2d\cocos\2d\release.win32\sprite3dreader.obj
d:\training\traininggame\cocos2d\cocos\2d\release.win32\spritereader.obj
d:\training\traininggame\cocos2d\cocos\2d\release.win32\sweep.obj
d:\training\traininggame\cocos2d\cocos\2d\release.win32\sweep_context.obj
d:\training\traininggame\cocos2d\cocos\2d\release.win32\tabcontrolreader.obj
d:\training\traininggame\cocos2d\cocos\2d\release.win32\textatlasreader.obj
d:\training\traininggame\cocos2d\cocos\2d\release.win32\textbmfontreader.obj
d:\training\traininggame\cocos2d\cocos\2d\release.win32\textfieldreader.obj
d:\training\traininggame\cocos2d\cocos\2d\release.win32\textreader.obj
d:\training\traininggame\cocos2d\cocos\2d\release.win32\tgalib.obj
d:\training\traininggame\cocos2d\cocos\2d\release.win32\tinyxml2.obj
d:\training\traininggame\cocos2d\cocos\2d\release.win32\transformutils.obj
d:\training\traininggame\cocos2d\cocos\2d\release.win32\triggerbase.obj
d:\training\traininggame\cocos2d\cocos\2d\release.win32\triggermng.obj
d:\training\traininggame\cocos2d\cocos\2d\release.win32\triggerobj.obj
d:\training\traininggame\cocos2d\cocos\2d\release.win32\uiabstractcheckbutton.obj
d:\training\traininggame\cocos2d\cocos\2d\release.win32\uibutton.obj
d:\training\traininggame\cocos2d\cocos\2d\release.win32\uicheckbox.obj
d:\training\traininggame\cocos2d\cocos\2d\release.win32\uideprecated.obj
d:\training\traininggame\cocos2d\cocos\2d\release.win32\uieditbox.obj
d:\training\traininggame\cocos2d\cocos\2d\release.win32\uieditboximpl-common.obj
d:\training\traininggame\cocos2d\cocos\2d\release.win32\uieditboximpl-win32.obj
d:\training\traininggame\cocos2d\cocos\2d\release.win32\uihbox.obj
d:\training\traininggame\cocos2d\cocos\2d\release.win32\uihelper.obj
d:\training\traininggame\cocos2d\cocos\2d\release.win32\uiimageview.obj
d:\training\traininggame\cocos2d\cocos\2d\release.win32\uilayout.obj
d:\training\traininggame\cocos2d\cocos\2d\release.win32\uilayoutcomponent.obj
d:\training\traininggame\cocos2d\cocos\2d\release.win32\uilayoutmanager.obj
d:\training\traininggame\cocos2d\cocos\2d\release.win32\uilayoutparameter.obj
d:\training\traininggame\cocos2d\cocos\2d\release.win32\uilistview.obj
d:\training\traininggame\cocos2d\cocos\2d\release.win32\uiloadingbar.obj
d:\training\traininggame\cocos2d\cocos\2d\release.win32\uipageview.obj
d:\training\traininggame\cocos2d\cocos\2d\release.win32\uipageviewindicator.obj
d:\training\traininggame\cocos2d\cocos\2d\release.win32\uiradiobutton.obj
d:\training\traininggame\cocos2d\cocos\2d\release.win32\uirelativebox.obj
d:\training\traininggame\cocos2d\cocos\2d\release.win32\uirichtext.obj
d:\training\traininggame\cocos2d\cocos\2d\release.win32\uiscale9sprite.obj
d:\training\traininggame\cocos2d\cocos\2d\release.win32\uiscrollview.obj
d:\training\traininggame\cocos2d\cocos\2d\release.win32\uiscrollviewbar.obj
d:\training\traininggame\cocos2d\cocos\2d\release.win32\uislider.obj
d:\training\traininggame\cocos2d\cocos\2d\release.win32\uitabcontrol.obj
d:\training\traininggame\cocos2d\cocos\2d\release.win32\uitext.obj
d:\training\traininggame\cocos2d\cocos\2d\release.win32\uitextatlas.obj
d:\training\traininggame\cocos2d\cocos\2d\release.win32\uitextbmfont.obj
d:\training\traininggame\cocos2d\cocos\2d\release.win32\uitextfield.obj
d:\training\traininggame\cocos2d\cocos\2d\release.win32\uivbox.obj
d:\training\traininggame\cocos2d\cocos\2d\release.win32\uiwebview.obj
d:\training\traininggame\cocos2d\cocos\2d\release.win32\uiwidget.obj
d:\training\traininggame\cocos2d\cocos\2d\release.win32\unzip.obj
d:\training\traininggame\cocos2d\cocos\2d\release.win32\uri.obj
d:\training\traininggame\cocos2d\cocos\2d\release.win32\usercamerareader.obj
d:\training\traininggame\cocos2d\cocos\2d\release.win32\vec2.obj
d:\training\traininggame\cocos2d\cocos\2d\release.win32\vec3.obj
d:\training\traininggame\cocos2d\cocos\2d\release.win32\vec4.obj
d:\training\traininggame\cocos2d\cocos\2d\release.win32\websocket.obj
d:\training\traininggame\cocos2d\cocos\2d\release.win32\widgetcallbackhandlerprotocol.obj
d:\training\traininggame\cocos2d\cocos\2d\release.win32\widgetreader.obj
d:\training\traininggame\cocos2d\cocos\2d\release.win32\xxhash.obj
d:\training\traininggame\cocos2d\cocos\2d\release.win32\ziputils.obj
d:\training\traininggame\cocos2d\cocos\2d\release.win32\libcocos2d.pch
d:\training\traininggame\cocos2d\cocos\2d\release.win32\libcocos2d.tlog\cl.command.1.tlog
d:\training\traininggame\cocos2d\cocos\2d\release.win32\libcocos2d.tlog\cl.read.1.tlog
d:\training\traininggame\cocos2d\cocos\2d\release.win32\libcocos2d.tlog\cl.write.1.tlog
